<?xml version="1.0" encoding="UTF-8"?>
<coverage generated="1595614058209" clover="3.2.0">
  <project timestamp="1595614058210" name="All files">
    <metrics statements="376" coveredstatements="300" conditionals="105" coveredconditionals="73" methods="92" coveredmethods="59" elements="573" coveredelements="432" complexity="0" loc="376" ncloc="376" packages="2" files="4" classes="4"/>
    <package name="src">
      <metrics statements="375" coveredstatements="299" conditionals="105" coveredconditionals="73" methods="92" coveredmethods="59"/>
      <file name="_helper.ts" path="/Users/kalengoo/Desktop/jupyter/jupyterlab-tabular-data-editor/jupyterlab-tabular-data-editor/src/_helper.ts">
        <metrics statements="10" coveredstatements="8" conditionals="3" coveredconditionals="2" methods="1" coveredmethods="1"/>
        <line num="8" count="1" type="stmt"/>
        <line num="13" count="8" type="stmt"/>
        <line num="14" count="8" type="stmt"/>
        <line num="15" count="8" type="stmt"/>
        <line num="16" count="8" type="stmt"/>
        <line num="17" count="8" type="cond" truecount="1" falsecount="1"/>
        <line num="18" count="0" type="stmt"/>
        <line num="19" count="0" type="stmt"/>
        <line num="21" count="8" type="stmt"/>
        <line num="23" count="8" type="stmt"/>
      </file>
      <file name="litestore.ts" path="/Users/kalengoo/Desktop/jupyter/jupyterlab-tabular-data-editor/jupyterlab-tabular-data-editor/src/litestore.ts">
        <metrics statements="130" coveredstatements="75" conditionals="40" coveredconditionals="18" methods="52" coveredmethods="24"/>
        <line num="1" count="1" type="stmt"/>
        <line num="3" count="1" type="stmt"/>
        <line num="22" count="1" type="stmt"/>
        <line num="27" count="53" type="stmt"/>
        <line num="28" count="53" type="stmt"/>
        <line num="29" count="53" type="stmt"/>
        <line num="30" count="53" type="stmt"/>
        <line num="41" count="85" type="cond" truecount="1" falsecount="1"/>
        <line num="44" count="0" type="stmt"/>
        <line num="46" count="85" type="stmt"/>
        <line num="47" count="85" type="stmt"/>
        <line num="48" count="85" type="stmt"/>
        <line num="49" count="85" type="cond" truecount="1" falsecount="1"/>
        <line num="50" count="85" type="stmt"/>
        <line num="52" count="0" type="stmt"/>
        <line num="54" count="85" type="stmt"/>
        <line num="55" count="85" type="stmt"/>
        <line num="66" count="127" type="stmt"/>
        <line num="80" count="14" type="stmt"/>
        <line num="81" count="14" type="cond" truecount="1" falsecount="1"/>
        <line num="82" count="0" type="stmt"/>
        <line num="84" count="14" type="stmt"/>
        <line num="86" count="14" type="stmt"/>
        <line num="87" count="14" type="stmt"/>
        <line num="101" count="7" type="stmt"/>
        <line num="102" count="7" type="cond" truecount="1" falsecount="1"/>
        <line num="103" count="0" type="stmt"/>
        <line num="105" count="7" type="stmt"/>
        <line num="107" count="7" type="stmt"/>
        <line num="108" count="7" type="stmt"/>
        <line num="117" count="0" type="stmt"/>
        <line num="118" count="0" type="stmt"/>
        <line num="119" count="0" type="cond" truecount="0" falsecount="2"/>
        <line num="120" count="0" type="cond" truecount="0" falsecount="2"/>
        <line num="121" count="0" type="stmt"/>
        <line num="124" count="0" type="stmt"/>
        <line num="128" count="0" type="stmt"/>
        <line num="137" count="99" type="cond" truecount="1" falsecount="1"/>
        <line num="138" count="0" type="stmt"/>
        <line num="140" count="99" type="stmt"/>
        <line num="141" count="99" type="stmt"/>
        <line num="150" count="8" type="cond" truecount="2" falsecount="0"/>
        <line num="151" count="1" type="stmt"/>
        <line num="153" count="7" type="stmt"/>
        <line num="154" count="7" type="stmt"/>
        <line num="159" count="53" type="stmt"/>
        <line num="170" count="1" type="stmt"/>
        <line num="177" count="53" type="stmt"/>
        <line num="192" count="85" type="stmt"/>
        <line num="199" count="0" type="stmt"/>
        <line num="206" count="0" type="cond" truecount="0" falsecount="2"/>
        <line num="207" count="0" type="stmt"/>
        <line num="209" count="0" type="stmt"/>
        <line num="210" count="0" type="stmt"/>
        <line num="211" count="0" type="stmt"/>
        <line num="212" count="0" type="stmt"/>
        <line num="213" count="0" type="stmt"/>
        <line num="220" count="0" type="stmt"/>
        <line num="223" count="53" type="stmt"/>
        <line num="230" count="28" type="stmt"/>
        <line num="233" count="53" type="stmt"/>
        <line num="240" count="14" type="stmt"/>
        <line num="243" count="53" type="stmt"/>
        <line num="255" count="14" type="cond" truecount="1" falsecount="1"/>
        <line num="256" count="14" type="stmt"/>
        <line num="257" count="14" type="cond" truecount="1" falsecount="1"/>
        <line num="258" count="0" type="stmt"/>
        <line num="260" count="14" type="stmt"/>
        <line num="261" count="14" type="stmt"/>
        <line num="274" count="7" type="cond" truecount="1" falsecount="1"/>
        <line num="275" count="7" type="stmt"/>
        <line num="276" count="7" type="cond" truecount="1" falsecount="1"/>
        <line num="277" count="0" type="stmt"/>
        <line num="279" count="7" type="stmt"/>
        <line num="280" count="7" type="stmt"/>
        <line num="295" count="1" type="stmt"/>
        <line num="303" count="53" type="stmt"/>
        <line num="304" count="53" type="stmt"/>
        <line num="305" count="53" type="stmt"/>
        <line num="312" count="0" type="stmt"/>
        <line num="323" count="0" type="stmt"/>
        <line num="330" count="0" type="stmt"/>
        <line num="337" count="0" type="stmt"/>
        <line num="349" count="0" type="stmt"/>
        <line num="356" count="0" type="stmt"/>
        <line num="363" count="0" type="stmt"/>
        <line num="374" count="0" type="stmt"/>
        <line num="383" count="0" type="stmt"/>
        <line num="392" count="85" type="stmt"/>
        <line num="401" count="0" type="stmt"/>
        <line num="419" count="85" type="stmt"/>
        <line num="433" count="85" type="stmt"/>
        <line num="434" count="85" type="stmt"/>
        <line num="435" count="85" type="cond" truecount="1" falsecount="1"/>
        <line num="436" count="0" type="stmt"/>
        <line num="438" count="85" type="stmt"/>
        <line num="451" count="0" type="stmt"/>
        <line num="460" count="0" type="stmt"/>
        <line num="467" count="0" type="stmt"/>
        <line num="474" count="0" type="cond" truecount="0" falsecount="2"/>
        <line num="475" count="0" type="stmt"/>
        <line num="477" count="0" type="stmt"/>
        <line num="478" count="0" type="stmt"/>
        <line num="479" count="0" type="stmt"/>
        <line num="480" count="0" type="stmt"/>
        <line num="499" count="14" type="cond" truecount="1" falsecount="1"/>
        <line num="500" count="14" type="stmt"/>
        <line num="501" count="14" type="cond" truecount="1" falsecount="1"/>
        <line num="502" count="0" type="stmt"/>
        <line num="504" count="14" type="stmt"/>
        <line num="506" count="0" type="stmt"/>
        <line num="508" count="14" type="stmt"/>
        <line num="527" count="8" type="cond" truecount="1" falsecount="1"/>
        <line num="528" count="8" type="stmt"/>
        <line num="529" count="8" type="cond" truecount="2" falsecount="0"/>
        <line num="530" count="1" type="stmt"/>
        <line num="532" count="7" type="stmt"/>
        <line num="534" count="0" type="stmt"/>
        <line num="536" count="7" type="stmt"/>
        <line num="545" count="0" type="stmt"/>
        <line num="556" count="0" type="stmt"/>
        <line num="569" count="37" type="stmt"/>
        <line num="582" count="0" type="stmt"/>
        <line num="600" count="0" type="stmt"/>
        <line num="618" count="85" type="stmt"/>
        <line num="636" count="0" type="stmt"/>
        <line num="653" count="0" type="stmt"/>
        <line num="670" count="0" type="stmt"/>
        <line num="687" count="0" type="stmt"/>
        <line num="706" count="0" type="stmt"/>
      </file>
      <file name="model.ts" path="/Users/kalengoo/Desktop/jupyter/jupyterlab-tabular-data-editor/jupyterlab-tabular-data-editor/src/model.ts">
        <metrics statements="235" coveredstatements="216" conditionals="62" coveredconditionals="53" methods="39" coveredmethods="34"/>
        <line num="1" count="1" type="stmt"/>
        <line num="2" count="1" type="stmt"/>
        <line num="3" count="1" type="stmt"/>
        <line num="4" count="1" type="stmt"/>
        <line num="5" count="1" type="stmt"/>
        <line num="6" count="1" type="stmt"/>
        <line num="9" count="1" type="stmt"/>
        <line num="11" count="53" type="stmt"/>
        <line num="12" count="53" type="stmt"/>
        <line num="13" count="53" type="stmt"/>
        <line num="16" count="53" type="stmt"/>
        <line num="19" count="53" type="stmt"/>
        <line num="23" count="451" type="stmt"/>
        <line num="27" count="0" type="stmt"/>
        <line num="31" count="0" type="stmt"/>
        <line num="35" count="73" type="stmt"/>
        <line num="36" count="73" type="stmt"/>
        <line num="37" count="73" type="stmt"/>
        <line num="45" count="31" type="stmt"/>
        <line num="49" count="63" type="stmt"/>
        <line num="50" count="63" type="stmt"/>
        <line num="57" count="126" type="cond" truecount="1" falsecount="1"/>
        <line num="58" count="0" type="stmt"/>
        <line num="63" count="185" type="stmt"/>
        <line num="67" count="271" type="stmt"/>
        <line num="75" count="0" type="stmt"/>
        <line num="79" count="5" type="stmt"/>
        <line num="92" count="2" type="stmt"/>
        <line num="93" count="2" type="stmt"/>
        <line num="94" count="2" type="stmt"/>
        <line num="95" count="2" type="stmt"/>
        <line num="103" count="2" type="stmt"/>
        <line num="104" count="2" type="stmt"/>
        <line num="105" count="2" type="stmt"/>
        <line num="109" count="5" type="stmt"/>
        <line num="110" count="5" type="stmt"/>
        <line num="111" count="5" type="stmt"/>
        <line num="112" count="5" type="stmt"/>
        <line num="118" count="5" type="stmt"/>
        <line num="119" count="5" type="stmt"/>
        <line num="123" count="5" type="stmt"/>
        <line num="125" count="5" type="stmt"/>
        <line num="126" count="15" type="stmt"/>
        <line num="128" count="5" type="stmt"/>
        <line num="129" count="5" type="stmt"/>
        <line num="131" count="5" type="stmt"/>
        <line num="133" count="5" type="stmt"/>
        <line num="139" count="5" type="stmt"/>
        <line num="141" count="5" type="stmt"/>
        <line num="143" count="5" type="stmt"/>
        <line num="149" count="5" type="stmt"/>
        <line num="150" count="5" type="stmt"/>
        <line num="154" count="5" type="stmt"/>
        <line num="155" count="5" type="stmt"/>
        <line num="157" count="5" type="stmt"/>
        <line num="164" count="5" type="stmt"/>
        <line num="165" count="5" type="stmt"/>
        <line num="169" count="5" type="stmt"/>
        <line num="171" count="5" type="stmt"/>
        <line num="172" count="15" type="stmt"/>
        <line num="177" count="5" type="stmt"/>
        <line num="178" count="5" type="stmt"/>
        <line num="183" count="5" type="stmt"/>
        <line num="189" count="5" type="stmt"/>
        <line num="190" count="5" type="stmt"/>
        <line num="192" count="5" type="stmt"/>
        <line num="199" count="5" type="stmt"/>
        <line num="200" count="5" type="stmt"/>
        <line num="205" count="3" type="stmt"/>
        <line num="206" count="3" type="stmt"/>
        <line num="207" count="3" type="stmt"/>
        <line num="208" count="3" type="stmt"/>
        <line num="211" count="3" type="stmt"/>
        <line num="212" count="5" type="stmt"/>
        <line num="213" count="5" type="stmt"/>
        <line num="214" count="7" type="stmt"/>
        <line num="215" count="7" type="stmt"/>
        <line num="218" count="3" type="stmt"/>
        <line num="226" count="3" type="stmt"/>
        <line num="230" count="7" type="stmt"/>
        <line num="231" count="7" type="stmt"/>
        <line num="233" count="11" type="stmt"/>
        <line num="236" count="7" type="stmt"/>
        <line num="240" count="7" type="stmt"/>
        <line num="246" count="7" type="stmt"/>
        <line num="247" count="9" type="stmt"/>
        <line num="248" count="9" type="stmt"/>
        <line num="249" count="11" type="stmt"/>
        <line num="250" count="11" type="stmt"/>
        <line num="251" count="11" type="stmt"/>
        <line num="258" count="7" type="stmt"/>
        <line num="266" count="7" type="stmt"/>
        <line num="273" count="15" type="stmt"/>
        <line num="276" count="15" type="cond" truecount="2" falsecount="0"/>
        <line num="277" count="1" type="stmt"/>
        <line num="281" count="14" type="stmt"/>
        <line num="282" count="14" type="stmt"/>
        <line num="288" count="14" type="stmt"/>
        <line num="290" count="14" type="stmt"/>
        <line num="292" count="2" type="stmt"/>
        <line num="300" count="2" type="stmt"/>
        <line num="302" count="2" type="stmt"/>
        <line num="308" count="2" type="stmt"/>
        <line num="311" count="2" type="stmt"/>
        <line num="313" count="2" type="stmt"/>
        <line num="319" count="2" type="stmt"/>
        <line num="321" count="2" type="stmt"/>
        <line num="327" count="2" type="stmt"/>
        <line num="330" count="2" type="stmt"/>
        <line num="332" count="2" type="stmt"/>
        <line num="338" count="2" type="stmt"/>
        <line num="340" count="2" type="stmt"/>
        <line num="347" count="2" type="stmt"/>
        <line num="349" count="2" type="stmt"/>
        <line num="356" count="2" type="stmt"/>
        <line num="358" count="14" type="stmt"/>
        <line num="365" count="8" type="stmt"/>
        <line num="367" count="8" type="cond" truecount="2" falsecount="0"/>
        <line num="368" count="1" type="stmt"/>
        <line num="372" count="7" type="cond" truecount="2" falsecount="0"/>
        <line num="373" count="1" type="stmt"/>
        <line num="374" count="6" type="cond" truecount="2" falsecount="0"/>
        <line num="375" count="1" type="stmt"/>
        <line num="378" count="7" type="stmt"/>
        <line num="379" count="7" type="stmt"/>
        <line num="383" count="5" type="stmt"/>
        <line num="386" count="5" type="cond" truecount="1" falsecount="1"/>
        <line num="390" count="5" type="stmt"/>
        <line num="393" count="5" type="cond" truecount="2" falsecount="0"/>
        <line num="395" count="2" type="stmt"/>
        <line num="400" count="5" type="stmt"/>
        <line num="402" count="5" type="stmt"/>
        <line num="405" count="0" type="stmt"/>
        <line num="408" count="0" type="cond" truecount="0" falsecount="2"/>
        <line num="410" count="0" type="stmt"/>
        <line num="415" count="0" type="stmt"/>
        <line num="419" count="5" type="stmt"/>
        <line num="426" count="5" type="stmt"/>
        <line num="427" count="5" type="stmt"/>
        <line num="431" count="5" type="stmt"/>
        <line num="435" count="5" type="cond" truecount="1" falsecount="1"/>
        <line num="438" count="5" type="cond" truecount="2" falsecount="0"/>
        <line num="440" count="4" type="stmt"/>
        <line num="441" count="12" type="stmt"/>
        <line num="445" count="4" type="stmt"/>
        <line num="446" count="12" type="stmt"/>
        <line num="453" count="12" type="stmt"/>
        <line num="458" count="12" type="stmt"/>
        <line num="462" count="1" type="stmt"/>
        <line num="463" count="3" type="stmt"/>
        <line num="470" count="3" type="stmt"/>
        <line num="472" count="3" type="stmt"/>
        <line num="477" count="0" type="cond" truecount="0" falsecount="2"/>
        <line num="479" count="0" type="stmt"/>
        <line num="480" count="0" type="stmt"/>
        <line num="482" count="0" type="stmt"/>
        <line num="483" count="0" type="stmt"/>
        <line num="485" count="0" type="stmt"/>
        <line num="492" count="0" type="stmt"/>
        <line num="493" count="0" type="stmt"/>
        <line num="495" count="0" type="stmt"/>
        <line num="501" count="5" type="stmt"/>
        <line num="508" count="5" type="stmt"/>
        <line num="509" count="5" type="stmt"/>
        <line num="517" count="63" type="stmt"/>
        <line num="518" count="63" type="stmt"/>
        <line num="519" count="63" type="stmt"/>
        <line num="522" count="63" type="stmt"/>
        <line num="535" count="83" type="cond" truecount="2" falsecount="0"/>
        <line num="536" count="22" type="stmt"/>
        <line num="537" count="22" type="stmt"/>
        <line num="539" count="61" type="cond" truecount="2" falsecount="0"/>
        <line num="540" count="5" type="stmt"/>
        <line num="541" count="5" type="stmt"/>
        <line num="542" count="5" type="stmt"/>
        <line num="544" count="56" type="stmt"/>
        <line num="545" count="56" type="stmt"/>
        <line num="547" count="83" type="stmt"/>
        <line num="548" count="83" type="cond" truecount="2" falsecount="0"/>
        <line num="549" count="63" type="stmt"/>
        <line num="552" count="83" type="stmt"/>
        <line num="559" count="53" type="cond" truecount="2" falsecount="0"/>
        <line num="560" count="18" type="stmt"/>
        <line num="561" count="18" type="stmt"/>
        <line num="563" count="35" type="stmt"/>
        <line num="566" count="53" type="stmt"/>
        <line num="573" count="5" type="stmt"/>
        <line num="574" count="5" type="cond" truecount="2" falsecount="0"/>
        <line num="575" count="1" type="stmt"/>
        <line num="579" count="4" type="stmt"/>
        <line num="587" count="169" type="stmt"/>
        <line num="588" count="169" type="cond" truecount="2" falsecount="0"/>
        <line num="589" count="35" type="stmt"/>
        <line num="591" count="134" type="stmt"/>
        <line num="595" count="52" type="stmt"/>
        <line num="596" count="52" type="stmt"/>
        <line num="597" count="52" type="stmt"/>
        <line num="598" count="52" type="cond" truecount="4" falsecount="0"/>
        <line num="599" count="18" type="stmt"/>
        <line num="601" count="34" type="stmt"/>
        <line num="605" count="34" type="stmt"/>
        <line num="606" count="34" type="stmt"/>
        <line num="607" count="34" type="cond" truecount="2" falsecount="0"/>
        <line num="608" count="19" type="stmt"/>
        <line num="610" count="15" type="stmt"/>
        <line num="614" count="64" type="stmt"/>
        <line num="615" count="64" type="stmt"/>
        <line num="616" count="64" type="stmt"/>
        <line num="617" count="64" type="cond" truecount="3" falsecount="0"/>
        <line num="622" count="53" type="stmt"/>
        <line num="623" count="53" type="stmt"/>
        <line num="624" count="53" type="stmt"/>
        <line num="625" count="53" type="cond" truecount="2" falsecount="0"/>
        <line num="629" count="23" type="stmt"/>
        <line num="630" count="23" type="stmt"/>
        <line num="631" count="23" type="stmt"/>
        <line num="634" count="5" type="stmt"/>
        <line num="637" count="0" type="stmt"/>
        <line num="640" count="18" type="stmt"/>
        <line num="646" count="56" type="stmt"/>
        <line num="647" count="56" type="stmt"/>
        <line num="648" count="56" type="stmt"/>
        <line num="651" count="14" type="stmt"/>
        <line num="655" count="0" type="stmt"/>
        <line num="658" count="42" type="stmt"/>
        <line num="667" count="85" type="stmt"/>
        <line num="668" count="85" type="stmt"/>
        <line num="669" count="85" type="stmt"/>
        <line num="680" count="85" type="stmt"/>
        <line num="684" count="53" type="stmt"/>
        <line num="687" count="53" type="stmt"/>
        <line num="688" count="53" type="stmt"/>
        <line num="707" count="1" type="stmt"/>
        <line num="708" count="1" type="stmt"/>
        <line num="709" count="1" type="stmt"/>
      </file>
    </package>
    <package name="testutils">
      <metrics statements="1" coveredstatements="1" conditionals="0" coveredconditionals="0" methods="0" coveredmethods="0"/>
      <file name="jest-file-mock.js" path="/Users/kalengoo/Desktop/jupyter/jupyterlab-tabular-data-editor/jupyterlab-tabular-data-editor/testutils/jest-file-mock.js">
        <metrics statements="1" coveredstatements="1" conditionals="0" coveredconditionals="0" methods="0" coveredmethods="0"/>
        <line num="1" count="1" type="stmt"/>
      </file>
    </package>
  </project>
</coverage>
