{"/Users/kalengoo/Desktop/jupyter/jupyterlab-tabular-data-editor/jupyterlab-tabular-data-editor/src/_helper.ts": {"path":"/Users/kalengoo/Desktop/jupyter/jupyterlab-tabular-data-editor/jupyterlab-tabular-data-editor/src/_helper.ts","statementMap":{"0":{"start":{"line":10,"column":17},"end":{"line":10,"column":19}},"1":{"start":{"line":11,"column":2},"end":{"line":19,"column":null}},"2":{"start":{"line":12,"column":20},"end":{"line":12,"column":44}},"3":{"start":{"line":13,"column":4},"end":{"line":13,"column":30}},"4":{"start":{"line":14,"column":4},"end":{"line":17,"column":null}},"5":{"start":{"line":15,"column":6},"end":{"line":15,"column":34}},"6":{"start":{"line":16,"column":6},"end":{"line":16,"column":15}},"7":{"start":{"line":18,"column":4},"end":{"line":18,"column":57}},"8":{"start":{"line":20,"column":2},"end":{"line":20,"column":18}},"9":{"start":{"line":8,"column":0},"end":{"line":8,"column":16}}},"fnMap":{"0":{"name":"numberToCharacter","decl":{"start":{"line":8,"column":16},"end":{"line":8,"column":33}},"loc":{"start":{"line":8,"column":66},"end":{"line":21,"column":1}}}},"branchMap":{"0":{"loc":{"start":{"line":14,"column":4},"end":{"line":17,"column":null}},"type":"if","locations":[{"start":{"line":14,"column":4},"end":{"line":17,"column":null}},{"start":{"line":14,"column":4},"end":{"line":17,"column":null}}]}},"s":{"0":3,"1":3,"2":3,"3":3,"4":3,"5":0,"6":0,"7":3,"8":3,"9":1},"f":{"0":3},"b":{"0":[0,3]}}
,"/Users/kalengoo/Desktop/jupyter/jupyterlab-tabular-data-editor/jupyterlab-tabular-data-editor/src/model.ts": {"path":"/Users/kalengoo/Desktop/jupyter/jupyterlab-tabular-data-editor/jupyterlab-tabular-data-editor/src/model.ts","statementMap":{"0":{"start":{"line":1,"column":0},"end":{"line":1,"column":63}},"1":{"start":{"line":2,"column":0},"end":{"line":2,"column":41}},"2":{"start":{"line":3,"column":0},"end":{"line":3,"column":43}},"3":{"start":{"line":4,"column":0},"end":{"line":4,"column":46}},"4":{"start":{"line":8,"column":4},"end":{"line":8,"column":12}},"5":{"start":{"line":332,"column":10},"end":{"line":334,"column":4}},"6":{"start":{"line":9,"column":4},"end":{"line":9,"column":43}},"7":{"start":{"line":12,"column":4},"end":{"line":12,"column":59}},"8":{"start":{"line":19,"column":4},"end":{"line":19,"column":30}},"9":{"start":{"line":23,"column":4},"end":{"line":23,"column":26}},"10":{"start":{"line":27,"column":4},"end":{"line":27,"column":32}},"11":{"start":{"line":31,"column":18},"end":{"line":31,"column":32}},"12":{"start":{"line":32,"column":25},"end":{"line":32,"column":53}},"13":{"start":{"line":33,"column":4},"end":{"line":37,"column":6}},"14":{"start":{"line":41,"column":4},"end":{"line":41,"column":43}},"15":{"start":{"line":45,"column":4},"end":{"line":45,"column":46}},"16":{"start":{"line":53,"column":4},"end":{"line":53,"column":30}},"17":{"start":{"line":57,"column":4},"end":{"line":57,"column":52}},"18":{"start":{"line":70,"column":18},"end":{"line":70,"column":31}},"19":{"start":{"line":71,"column":4},"end":{"line":71,"column":69}},"20":{"start":{"line":72,"column":4},"end":{"line":72,"column":70}},"21":{"start":{"line":73,"column":4},"end":{"line":73,"column":23}},"22":{"start":{"line":74,"column":42},"end":{"line":81,"column":6}},"23":{"start":{"line":82,"column":4},"end":{"line":82,"column":29}},"24":{"start":{"line":83,"column":4},"end":{"line":85,"column":6}},"25":{"start":{"line":86,"column":4},"end":{"line":86,"column":16}},"26":{"start":{"line":90,"column":18},"end":{"line":90,"column":31}},"27":{"start":{"line":91,"column":19},"end":{"line":91,"column":44}},"28":{"start":{"line":92,"column":4},"end":{"line":92,"column":62}},"29":{"start":{"line":93,"column":42},"end":{"line":98,"column":6}},"30":{"start":{"line":99,"column":4},"end":{"line":99,"column":23}},"31":{"start":{"line":100,"column":4},"end":{"line":100,"column":29}},"32":{"start":{"line":101,"column":4},"end":{"line":103,"column":6}},"33":{"start":{"line":107,"column":18},"end":{"line":107,"column":32}},"34":{"start":{"line":108,"column":21},"end":{"line":108,"column":49}},"35":{"start":{"line":110,"column":4},"end":{"line":112,"column":null}},"36":{"start":{"line":111,"column":6},"end":{"line":111,"column":78}},"37":{"start":{"line":113,"column":23},"end":{"line":113,"column":47}},"38":{"start":{"line":114,"column":23},"end":{"line":114,"column":66}},"39":{"start":{"line":116,"column":23},"end":{"line":116,"column":43}},"40":{"start":{"line":118,"column":4},"end":{"line":122,"column":44}},"41":{"start":{"line":124,"column":4},"end":{"line":124,"column":63}},"42":{"start":{"line":126,"column":4},"end":{"line":126,"column":34}},"43":{"start":{"line":128,"column":42},"end":{"line":133,"column":6}},"44":{"start":{"line":134,"column":4},"end":{"line":134,"column":23}},"45":{"start":{"line":135,"column":4},"end":{"line":135,"column":29}},"46":{"start":{"line":136,"column":4},"end":{"line":136,"column":74}},"47":{"start":{"line":140,"column":18},"end":{"line":140,"column":31}},"48":{"start":{"line":141,"column":4},"end":{"line":141,"column":54}},"49":{"start":{"line":143,"column":42},"end":{"line":148,"column":6}},"50":{"start":{"line":149,"column":4},"end":{"line":149,"column":23}},"51":{"start":{"line":150,"column":4},"end":{"line":150,"column":29}},"52":{"start":{"line":151,"column":4},"end":{"line":153,"column":6}},"53":{"start":{"line":157,"column":18},"end":{"line":157,"column":31}},"54":{"start":{"line":159,"column":4},"end":{"line":161,"column":null}},"55":{"start":{"line":160,"column":6},"end":{"line":160,"column":61}},"56":{"start":{"line":165,"column":23},"end":{"line":165,"column":43}},"57":{"start":{"line":166,"column":24},"end":{"line":168,"column":null}},"58":{"start":{"line":171,"column":4},"end":{"line":174,"column":40}},"59":{"start":{"line":177,"column":26},"end":{"line":177,"column":44}},"60":{"start":{"line":178,"column":4},"end":{"line":178,"column":69}},"61":{"start":{"line":180,"column":42},"end":{"line":185,"column":6}},"62":{"start":{"line":186,"column":4},"end":{"line":186,"column":23}},"63":{"start":{"line":187,"column":4},"end":{"line":187,"column":29}},"64":{"start":{"line":188,"column":4},"end":{"line":188,"column":74}},"65":{"start":{"line":198,"column":4},"end":{"line":209,"column":null}},"66":{"start":{"line":199,"column":6},"end":{"line":199,"column":44}},"67":{"start":{"line":200,"column":6},"end":{"line":200,"column":41}},"68":{"start":{"line":202,"column":11},"end":{"line":209,"column":null}},"69":{"start":{"line":203,"column":23},"end":{"line":203,"column":52}},"70":{"start":{"line":204,"column":6},"end":{"line":204,"column":44}},"71":{"start":{"line":205,"column":6},"end":{"line":205,"column":41}},"72":{"start":{"line":207,"column":6},"end":{"line":207,"column":44}},"73":{"start":{"line":208,"column":6},"end":{"line":208,"column":60}},"74":{"start":{"line":210,"column":18},"end":{"line":210,"column":59}},"75":{"start":{"line":211,"column":4},"end":{"line":212,"column":73}},"76":{"start":{"line":213,"column":4},"end":{"line":213,"column":17}},"77":{"start":{"line":219,"column":4},"end":{"line":224,"column":null}},"78":{"start":{"line":220,"column":23},"end":{"line":220,"column":52}},"79":{"start":{"line":221,"column":6},"end":{"line":221,"column":48}},"80":{"start":{"line":223,"column":6},"end":{"line":223,"column":48}},"81":{"start":{"line":227,"column":4},"end":{"line":239,"column":null}},"82":{"start":{"line":228,"column":6},"end":{"line":231,"column":65}},"83":{"start":{"line":235,"column":6},"end":{"line":238,"column":44}},"84":{"start":{"line":243,"column":17},"end":{"line":243,"column":39}},"85":{"start":{"line":244,"column":4},"end":{"line":249,"column":null}},"86":{"start":{"line":245,"column":6},"end":{"line":248,"column":8}},"87":{"start":{"line":250,"column":4},"end":{"line":252,"column":6}},"88":{"start":{"line":260,"column":28},"end":{"line":260,"column":34}},"89":{"start":{"line":261,"column":4},"end":{"line":261,"column":70}},"90":{"start":{"line":265,"column":28},"end":{"line":265,"column":34}},"91":{"start":{"line":266,"column":20},"end":{"line":266,"column":53}},"92":{"start":{"line":267,"column":18},"end":{"line":267,"column":48}},"93":{"start":{"line":268,"column":4},"end":{"line":270,"column":null}},"94":{"start":{"line":269,"column":6},"end":{"line":269,"column":63}},"95":{"start":{"line":271,"column":4},"end":{"line":271,"column":28}},"96":{"start":{"line":275,"column":17},"end":{"line":275,"column":47}},"97":{"start":{"line":276,"column":21},"end":{"line":276,"column":54}},"98":{"start":{"line":277,"column":4},"end":{"line":279,"column":null}},"99":{"start":{"line":278,"column":6},"end":{"line":278,"column":65}},"100":{"start":{"line":280,"column":4},"end":{"line":280,"column":40}},"101":{"start":{"line":284,"column":28},"end":{"line":284,"column":34}},"102":{"start":{"line":285,"column":17},"end":{"line":285,"column":47}},"103":{"start":{"line":286,"column":20},"end":{"line":286,"column":53}},"104":{"start":{"line":287,"column":4},"end":{"line":287,"column":64}},"105":{"start":{"line":292,"column":28},"end":{"line":292,"column":34}},"106":{"start":{"line":293,"column":17},"end":{"line":293,"column":47}},"107":{"start":{"line":294,"column":20},"end":{"line":294,"column":53}},"108":{"start":{"line":295,"column":4},"end":{"line":295,"column":42}},"109":{"start":{"line":299,"column":28},"end":{"line":299,"column":34}},"110":{"start":{"line":300,"column":20},"end":{"line":300,"column":53}},"111":{"start":{"line":301,"column":4},"end":{"line":311,"column":null}},"112":{"start":{"line":303,"column":8},"end":{"line":303,"column":56}},"113":{"start":{"line":306,"column":8},"end":{"line":306,"column":62}},"114":{"start":{"line":309,"column":8},"end":{"line":309,"column":48}},"115":{"start":{"line":315,"column":28},"end":{"line":315,"column":34}},"116":{"start":{"line":316,"column":20},"end":{"line":316,"column":53}},"117":{"start":{"line":317,"column":17},"end":{"line":317,"column":47}},"118":{"start":{"line":318,"column":4},"end":{"line":328,"column":null}},"119":{"start":{"line":320,"column":8},"end":{"line":320,"column":59}},"120":{"start":{"line":323,"column":8},"end":{"line":323,"column":59}},"121":{"start":{"line":326,"column":8},"end":{"line":326,"column":48}},"122":{"start":{"line":6,"column":0},"end":{"line":6,"column":21}}},"fnMap":{"0":{"name":"(anonymous_0)","decl":{"start":{"line":7,"column":2},"end":{"line":7,"column":14}},"loc":{"start":{"line":7,"column":40},"end":{"line":13,"column":3}}},"1":{"name":"(anonymous_1)","decl":{"start":{"line":15,"column":10},"end":{"line":15,"column":22}},"loc":{"start":{"line":17,"column":34},"end":{"line":20,"column":3}}},"2":{"name":"(anonymous_2)","decl":{"start":{"line":22,"column":2},"end":{"line":22,"column":6}},"loc":{"start":{"line":22,"column":14},"end":{"line":24,"column":3}}},"3":{"name":"(anonymous_3)","decl":{"start":{"line":26,"column":2},"end":{"line":26,"column":6}},"loc":{"start":{"line":26,"column":21},"end":{"line":28,"column":3}}},"4":{"name":"(anonymous_4)","decl":{"start":{"line":30,"column":2},"end":{"line":30,"column":6}},"loc":{"start":{"line":30,"column":21},"end":{"line":38,"column":3}}},"5":{"name":"(anonymous_5)","decl":{"start":{"line":40,"column":2},"end":{"line":40,"column":10}},"loc":{"start":{"line":40,"column":38},"end":{"line":42,"column":3}}},"6":{"name":"(anonymous_6)","decl":{"start":{"line":44,"column":2},"end":{"line":44,"column":13}},"loc":{"start":{"line":44,"column":44},"end":{"line":46,"column":3}}},"7":{"name":"(anonymous_7)","decl":{"start":{"line":48,"column":2},"end":{"line":48,"column":10}},"loc":{"start":{"line":51,"column":18},"end":{"line":54,"column":3}}},"8":{"name":"(anonymous_8)","decl":{"start":{"line":56,"column":2},"end":{"line":56,"column":6}},"loc":{"start":{"line":56,"column":64},"end":{"line":58,"column":3}}},"9":{"name":"(anonymous_9)","decl":{"start":{"line":64,"column":2},"end":{"line":64,"column":9}},"loc":{"start":{"line":68,"column":14},"end":{"line":87,"column":3}}},"10":{"name":"(anonymous_10)","decl":{"start":{"line":89,"column":2},"end":{"line":89,"column":8}},"loc":{"start":{"line":89,"column":20},"end":{"line":104,"column":3}}},"11":{"name":"(anonymous_11)","decl":{"start":{"line":106,"column":2},"end":{"line":106,"column":11}},"loc":{"start":{"line":106,"column":26},"end":{"line":137,"column":3}}},"12":{"name":"(anonymous_12)","decl":{"start":{"line":139,"column":2},"end":{"line":139,"column":11}},"loc":{"start":{"line":139,"column":23},"end":{"line":154,"column":3}}},"13":{"name":"(anonymous_13)","decl":{"start":{"line":156,"column":2},"end":{"line":156,"column":14}},"loc":{"start":{"line":156,"column":29},"end":{"line":189,"column":3}}},"14":{"name":"(anonymous_14)","decl":{"start":{"line":191,"column":2},"end":{"line":191,"column":10}},"loc":{"start":{"line":194,"column":23},"end":{"line":214,"column":3}}},"15":{"name":"(anonymous_15)","decl":{"start":{"line":216,"column":2},"end":{"line":216,"column":10}},"loc":{"start":{"line":216,"column":61},"end":{"line":240,"column":3}}},"16":{"name":"(anonymous_16)","decl":{"start":{"line":242,"column":2},"end":{"line":242,"column":10}},"loc":{"start":{"line":242,"column":39},"end":{"line":253,"column":3}}},"17":{"name":"(anonymous_17)","decl":{"start":{"line":259,"column":2},"end":{"line":259,"column":12}},"loc":{"start":{"line":259,"column":33},"end":{"line":262,"column":3}}},"18":{"name":"(anonymous_18)","decl":{"start":{"line":264,"column":2},"end":{"line":264,"column":11}},"loc":{"start":{"line":264,"column":32},"end":{"line":272,"column":3}}},"19":{"name":"(anonymous_19)","decl":{"start":{"line":274,"column":2},"end":{"line":274,"column":8}},"loc":{"start":{"line":274,"column":20},"end":{"line":281,"column":3}}},"20":{"name":"(anonymous_20)","decl":{"start":{"line":283,"column":2},"end":{"line":283,"column":17}},"loc":{"start":{"line":283,"column":38},"end":{"line":288,"column":3}}},"21":{"name":"(anonymous_21)","decl":{"start":{"line":291,"column":2},"end":{"line":291,"column":22}},"loc":{"start":{"line":291,"column":43},"end":{"line":296,"column":3}}},"22":{"name":"(anonymous_22)","decl":{"start":{"line":298,"column":2},"end":{"line":298,"column":17}},"loc":{"start":{"line":298,"column":38},"end":{"line":312,"column":3}}},"23":{"name":"(anonymous_23)","decl":{"start":{"line":314,"column":2},"end":{"line":314,"column":13}},"loc":{"start":{"line":314,"column":34},"end":{"line":329,"column":3}}}},"branchMap":{"0":{"loc":{"start":{"line":194,"column":18},"end":{"line":194,"column":23}},"type":"default-arg","locations":[{"start":{"line":194,"column":18},"end":{"line":194,"column":23}}]},"1":{"loc":{"start":{"line":198,"column":4},"end":{"line":209,"column":null}},"type":"if","locations":[{"start":{"line":198,"column":4},"end":{"line":209,"column":null}},{"start":{"line":198,"column":4},"end":{"line":209,"column":null}}]},"2":{"loc":{"start":{"line":202,"column":11},"end":{"line":209,"column":null}},"type":"if","locations":[{"start":{"line":202,"column":11},"end":{"line":209,"column":null}},{"start":{"line":202,"column":11},"end":{"line":209,"column":null}}]},"3":{"loc":{"start":{"line":219,"column":4},"end":{"line":224,"column":null}},"type":"if","locations":[{"start":{"line":219,"column":4},"end":{"line":224,"column":null}},{"start":{"line":219,"column":4},"end":{"line":224,"column":null}}]},"4":{"loc":{"start":{"line":227,"column":4},"end":{"line":239,"column":null}},"type":"if","locations":[{"start":{"line":227,"column":4},"end":{"line":239,"column":null}},{"start":{"line":227,"column":4},"end":{"line":239,"column":null}}]},"5":{"loc":{"start":{"line":244,"column":4},"end":{"line":249,"column":null}},"type":"if","locations":[{"start":{"line":244,"column":4},"end":{"line":249,"column":null}},{"start":{"line":244,"column":4},"end":{"line":249,"column":null}}]},"6":{"loc":{"start":{"line":268,"column":4},"end":{"line":270,"column":null}},"type":"if","locations":[{"start":{"line":268,"column":4},"end":{"line":270,"column":null}},{"start":{"line":268,"column":4},"end":{"line":270,"column":null}}]},"7":{"loc":{"start":{"line":268,"column":8},"end":{"line":268,"column":18}},"type":"binary-expr","locations":[{"start":{"line":268,"column":8},"end":{"line":268,"column":18}},{"start":{"line":268,"column":22},"end":{"line":268,"column":38}}]},"8":{"loc":{"start":{"line":277,"column":4},"end":{"line":279,"column":null}},"type":"if","locations":[{"start":{"line":277,"column":4},"end":{"line":279,"column":null}},{"start":{"line":277,"column":4},"end":{"line":279,"column":null}}]},"9":{"loc":{"start":{"line":287,"column":11},"end":{"line":287,"column":29}},"type":"binary-expr","locations":[{"start":{"line":287,"column":11},"end":{"line":287,"column":29}},{"start":{"line":287,"column":34},"end":{"line":287,"column":46}},{"start":{"line":287,"column":50},"end":{"line":287,"column":62}}]},"10":{"loc":{"start":{"line":295,"column":11},"end":{"line":295,"column":27}},"type":"binary-expr","locations":[{"start":{"line":295,"column":11},"end":{"line":295,"column":27}},{"start":{"line":295,"column":31},"end":{"line":295,"column":41}}]},"11":{"loc":{"start":{"line":302,"column":6},"end":{"line":304,"column":null}},"type":"switch","locations":[{"start":{"line":302,"column":6},"end":{"line":304,"column":null}},{"start":{"line":305,"column":6},"end":{"line":307,"column":null}},{"start":{"line":308,"column":6},"end":{"line":310,"column":null}}]},"12":{"loc":{"start":{"line":319,"column":6},"end":{"line":321,"column":null}},"type":"switch","locations":[{"start":{"line":319,"column":6},"end":{"line":321,"column":null}},{"start":{"line":322,"column":6},"end":{"line":324,"column":null}},{"start":{"line":325,"column":6},"end":{"line":327,"column":null}}]}},"s":{"0":1,"1":1,"2":1,"3":1,"4":12,"5":12,"6":12,"7":12,"8":24,"9":190,"10":0,"11":12,"12":12,"13":12,"14":0,"15":3,"16":0,"17":0,"18":0,"19":0,"20":0,"21":0,"22":0,"23":0,"24":0,"25":0,"26":3,"27":3,"28":3,"29":3,"30":3,"31":3,"32":3,"33":3,"34":3,"35":3,"36":9,"37":3,"38":3,"39":3,"40":3,"41":3,"42":3,"43":3,"44":3,"45":3,"46":3,"47":3,"48":3,"49":3,"50":3,"51":3,"52":3,"53":3,"54":3,"55":9,"56":3,"57":3,"58":3,"59":3,"60":3,"61":3,"62":3,"63":3,"64":3,"65":12,"66":0,"67":0,"68":12,"69":4,"70":4,"71":4,"72":8,"73":8,"74":12,"75":12,"76":12,"77":12,"78":4,"79":4,"80":8,"81":12,"82":1,"83":11,"84":3,"85":3,"86":0,"87":3,"88":24,"89":24,"90":12,"91":12,"92":12,"93":12,"94":3,"95":9,"96":9,"97":9,"98":9,"99":5,"100":4,"101":12,"102":12,"103":12,"104":12,"105":12,"106":12,"107":12,"108":12,"109":8,"110":8,"111":8,"112":2,"113":0,"114":6,"115":8,"116":8,"117":8,"118":8,"119":2,"120":0,"121":6,"122":1},"f":{"0":12,"1":24,"2":190,"3":0,"4":12,"5":0,"6":3,"7":0,"8":0,"9":0,"10":3,"11":3,"12":3,"13":3,"14":12,"15":12,"16":3,"17":24,"18":12,"19":9,"20":12,"21":12,"22":8,"23":8},"b":{"0":[12],"1":[0,12],"2":[4,8],"3":[4,8],"4":[1,11],"5":[0,3],"6":[3,9],"7":[12,9],"8":[5,4],"9":[12,9,3],"10":[12,9],"11":[2,0,6],"12":[2,0,6]}}
,"/Users/kalengoo/Desktop/jupyter/jupyterlab-tabular-data-editor/jupyterlab-tabular-data-editor/testutils/jest-file-mock.js": {"path":"/Users/kalengoo/Desktop/jupyter/jupyterlab-tabular-data-editor/jupyterlab-tabular-data-editor/testutils/jest-file-mock.js","statementMap":{"0":{"start":{"line":1,"column":0},"end":{"line":1,"column":34}}},"fnMap":{},"branchMap":{},"s":{"0":1},"f":{},"b":{},"_coverageSchema":"43e27e138ebf9cfc5966b082cf9a028302ed4184","hash":"fa801e1389f18fbe7472ffb177cb9234eb5153dd"}
}
