{"/Users/kalengoo/Desktop/jupyter/jupyterlab-tabular-data-editor/jupyterlab-tabular-data-editor/src/_helper.ts": {"path":"/Users/kalengoo/Desktop/jupyter/jupyterlab-tabular-data-editor/jupyterlab-tabular-data-editor/src/_helper.ts","statementMap":{"0":{"start":{"line":13,"column":17},"end":{"line":13,"column":19}},"1":{"start":{"line":14,"column":2},"end":{"line":22,"column":null}},"2":{"start":{"line":15,"column":20},"end":{"line":15,"column":44}},"3":{"start":{"line":16,"column":4},"end":{"line":16,"column":30}},"4":{"start":{"line":17,"column":4},"end":{"line":20,"column":null}},"5":{"start":{"line":18,"column":6},"end":{"line":18,"column":34}},"6":{"start":{"line":19,"column":6},"end":{"line":19,"column":15}},"7":{"start":{"line":21,"column":4},"end":{"line":21,"column":57}},"8":{"start":{"line":23,"column":2},"end":{"line":23,"column":18}},"9":{"start":{"line":8,"column":0},"end":{"line":8,"column":16}}},"fnMap":{"0":{"name":"numberToCharacter","decl":{"start":{"line":8,"column":16},"end":{"line":8,"column":33}},"loc":{"start":{"line":10,"column":41},"end":{"line":24,"column":1}}}},"branchMap":{"0":{"loc":{"start":{"line":10,"column":13},"end":{"line":10,"column":41}},"type":"default-arg","locations":[{"start":{"line":10,"column":13},"end":{"line":10,"column":41}}]},"1":{"loc":{"start":{"line":17,"column":4},"end":{"line":20,"column":null}},"type":"if","locations":[{"start":{"line":17,"column":4},"end":{"line":20,"column":null}},{"start":{"line":17,"column":4},"end":{"line":20,"column":null}}]}},"s":{"0":8,"1":8,"2":8,"3":8,"4":8,"5":0,"6":0,"7":8,"8":8,"9":1},"f":{"0":8},"b":{"0":[8],"1":[0,8]}}
,"/Users/kalengoo/Desktop/jupyter/jupyterlab-tabular-data-editor/jupyterlab-tabular-data-editor/src/litestore.ts": {"path":"/Users/kalengoo/Desktop/jupyter/jupyterlab-tabular-data-editor/jupyterlab-tabular-data-editor/src/litestore.ts","statementMap":{"0":{"start":{"line":1,"column":0},"end":{"line":1,"column":67}},"1":{"start":{"line":3,"column":0},"end":{"line":3,"column":null}},"2":{"start":{"line":159,"column":10},"end":{"line":159,"column":51}},"3":{"start":{"line":27,"column":4},"end":{"line":27,"column":28}},"4":{"start":{"line":28,"column":4},"end":{"line":28,"column":21}},"5":{"start":{"line":29,"column":4},"end":{"line":29,"column":25}},"6":{"start":{"line":30,"column":4},"end":{"line":30,"column":25}},"7":{"start":{"line":41,"column":4},"end":{"line":45,"column":null}},"8":{"start":{"line":44,"column":6},"end":{"line":44,"column":19}},"9":{"start":{"line":46,"column":4},"end":{"line":46,"column":53}},"10":{"start":{"line":47,"column":4},"end":{"line":47,"column":37}},"11":{"start":{"line":48,"column":18},"end":{"line":48,"column":48}},"12":{"start":{"line":49,"column":4},"end":{"line":53,"column":null}},"13":{"start":{"line":50,"column":6},"end":{"line":50,"column":41}},"14":{"start":{"line":52,"column":6},"end":{"line":52,"column":49}},"15":{"start":{"line":54,"column":4},"end":{"line":54,"column":41}},"16":{"start":{"line":55,"column":4},"end":{"line":55,"column":16}},"17":{"start":{"line":66,"column":4},"end":{"line":66,"column":45}},"18":{"start":{"line":80,"column":18},"end":{"line":80,"column":47}},"19":{"start":{"line":81,"column":4},"end":{"line":85,"column":null}},"20":{"start":{"line":82,"column":6},"end":{"line":82,"column":41}},"21":{"start":{"line":84,"column":6},"end":{"line":84,"column":48}},"22":{"start":{"line":86,"column":4},"end":{"line":86,"column":58}},"23":{"start":{"line":87,"column":4},"end":{"line":87,"column":40}},"24":{"start":{"line":101,"column":18},"end":{"line":101,"column":47}},"25":{"start":{"line":102,"column":4},"end":{"line":106,"column":null}},"26":{"start":{"line":103,"column":6},"end":{"line":103,"column":40}},"27":{"start":{"line":105,"column":6},"end":{"line":105,"column":48}},"28":{"start":{"line":107,"column":4},"end":{"line":107,"column":58}},"29":{"start":{"line":108,"column":4},"end":{"line":108,"column":40}},"30":{"start":{"line":117,"column":20},"end":{"line":117,"column":22}},"31":{"start":{"line":118,"column":4},"end":{"line":123,"column":null}},"32":{"start":{"line":119,"column":20},"end":{"line":119,"column":43}},"33":{"start":{"line":120,"column":6},"end":{"line":122,"column":null}},"34":{"start":{"line":121,"column":8},"end":{"line":121,"column":45}},"35":{"start":{"line":124,"column":4},"end":{"line":124,"column":19}},"36":{"start":{"line":128,"column":4},"end":{"line":128,"column":26}},"37":{"start":{"line":137,"column":4},"end":{"line":139,"column":null}},"38":{"start":{"line":138,"column":6},"end":{"line":138,"column":23}},"39":{"start":{"line":140,"column":15},"end":{"line":140,"column":58}},"40":{"start":{"line":141,"column":4},"end":{"line":141,"column":24}},"41":{"start":{"line":150,"column":4},"end":{"line":152,"column":null}},"42":{"start":{"line":151,"column":6},"end":{"line":151,"column":23}},"43":{"start":{"line":153,"column":15},"end":{"line":153,"column":58}},"44":{"start":{"line":154,"column":4},"end":{"line":154,"column":24}},"45":{"start":{"line":22,"column":0},"end":{"line":22,"column":13}},"46":{"start":{"line":177,"column":4},"end":{"line":180,"column":33}},"47":{"start":{"line":192,"column":4},"end":{"line":192,"column":44}},"48":{"start":{"line":199,"column":4},"end":{"line":199,"column":28}},"49":{"start":{"line":206,"column":4},"end":{"line":208,"column":null}},"50":{"start":{"line":207,"column":6},"end":{"line":207,"column":13}},"51":{"start":{"line":209,"column":4},"end":{"line":209,"column":34}},"52":{"start":{"line":210,"column":4},"end":{"line":210,"column":37}},"53":{"start":{"line":211,"column":4},"end":{"line":211,"column":24}},"54":{"start":{"line":212,"column":4},"end":{"line":212,"column":24}},"55":{"start":{"line":213,"column":4},"end":{"line":213,"column":28}},"56":{"start":{"line":220,"column":4},"end":{"line":220,"column":37}},"57":{"start":{"line":223,"column":4},"end":{"line":223,"column":35}},"58":{"start":{"line":230,"column":4},"end":{"line":230,"column":24}},"59":{"start":{"line":233,"column":4},"end":{"line":233,"column":22}},"60":{"start":{"line":240,"column":4},"end":{"line":240,"column":24}},"61":{"start":{"line":243,"column":4},"end":{"line":243,"column":22}},"62":{"start":{"line":255,"column":4},"end":{"line":262,"column":null}},"63":{"start":{"line":256,"column":26},"end":{"line":256,"column":56}},"64":{"start":{"line":257,"column":6},"end":{"line":259,"column":null}},"65":{"start":{"line":258,"column":8},"end":{"line":258,"column":15}},"66":{"start":{"line":260,"column":6},"end":{"line":260,"column":31}},"67":{"start":{"line":261,"column":6},"end":{"line":261,"column":38}},"68":{"start":{"line":274,"column":4},"end":{"line":281,"column":null}},"69":{"start":{"line":275,"column":26},"end":{"line":275,"column":56}},"70":{"start":{"line":276,"column":6},"end":{"line":278,"column":null}},"71":{"start":{"line":277,"column":8},"end":{"line":277,"column":15}},"72":{"start":{"line":279,"column":6},"end":{"line":279,"column":31}},"73":{"start":{"line":280,"column":6},"end":{"line":280,"column":38}},"74":{"start":{"line":170,"column":0},"end":{"line":170,"column":13}},"75":{"start":{"line":303,"column":4},"end":{"line":303,"column":52}},"76":{"start":{"line":304,"column":4},"end":{"line":304,"column":61}},"77":{"start":{"line":305,"column":4},"end":{"line":305,"column":79}},"78":{"start":{"line":312,"column":4},"end":{"line":312,"column":30}},"79":{"start":{"line":323,"column":4},"end":{"line":323,"column":35}},"80":{"start":{"line":330,"column":4},"end":{"line":330,"column":28}},"81":{"start":{"line":337,"column":4},"end":{"line":337,"column":41}},"82":{"start":{"line":349,"column":4},"end":{"line":349,"column":35}},"83":{"start":{"line":356,"column":4},"end":{"line":356,"column":25}},"84":{"start":{"line":363,"column":4},"end":{"line":363,"column":43}},"85":{"start":{"line":374,"column":4},"end":{"line":374,"column":53}},"86":{"start":{"line":383,"column":4},"end":{"line":383,"column":47}},"87":{"start":{"line":392,"column":4},"end":{"line":392,"column":55}},"88":{"start":{"line":401,"column":4},"end":{"line":401,"column":48}},"89":{"start":{"line":419,"column":4},"end":{"line":419,"column":46}},"90":{"start":{"line":433,"column":4},"end":{"line":433,"column":37}},"91":{"start":{"line":434,"column":24},"end":{"line":434,"column":49}},"92":{"start":{"line":435,"column":4},"end":{"line":437,"column":null}},"93":{"start":{"line":436,"column":6},"end":{"line":436,"column":23}},"94":{"start":{"line":438,"column":4},"end":{"line":438,"column":26}},"95":{"start":{"line":451,"column":4},"end":{"line":451,"column":39}},"96":{"start":{"line":460,"column":4},"end":{"line":460,"column":34}},"97":{"start":{"line":467,"column":4},"end":{"line":467,"column":40}},"98":{"start":{"line":474,"column":4},"end":{"line":476,"column":null}},"99":{"start":{"line":475,"column":6},"end":{"line":475,"column":13}},"100":{"start":{"line":477,"column":4},"end":{"line":477,"column":28}},"101":{"start":{"line":478,"column":4},"end":{"line":478,"column":30}},"102":{"start":{"line":479,"column":4},"end":{"line":479,"column":34}},"103":{"start":{"line":480,"column":4},"end":{"line":480,"column":28}},"104":{"start":{"line":499,"column":4},"end":{"line":507,"column":null}},"105":{"start":{"line":500,"column":30},"end":{"line":500,"column":73}},"106":{"start":{"line":501,"column":6},"end":{"line":503,"column":null}},"107":{"start":{"line":502,"column":8},"end":{"line":502,"column":15}},"108":{"start":{"line":504,"column":6},"end":{"line":504,"column":57}},"109":{"start":{"line":506,"column":6},"end":{"line":506,"column":52}},"110":{"start":{"line":508,"column":4},"end":{"line":508,"column":19}},"111":{"start":{"line":527,"column":4},"end":{"line":535,"column":null}},"112":{"start":{"line":528,"column":23},"end":{"line":528,"column":59}},"113":{"start":{"line":529,"column":6},"end":{"line":531,"column":null}},"114":{"start":{"line":530,"column":8},"end":{"line":530,"column":15}},"115":{"start":{"line":532,"column":6},"end":{"line":532,"column":50}},"116":{"start":{"line":534,"column":6},"end":{"line":534,"column":52}},"117":{"start":{"line":536,"column":4},"end":{"line":536,"column":19}},"118":{"start":{"line":545,"column":4},"end":{"line":545,"column":38}},"119":{"start":{"line":556,"column":4},"end":{"line":556,"column":52}},"120":{"start":{"line":569,"column":4},"end":{"line":569,"column":53}},"121":{"start":{"line":582,"column":4},"end":{"line":582,"column":52}},"122":{"start":{"line":600,"column":4},"end":{"line":600,"column":56}},"123":{"start":{"line":618,"column":4},"end":{"line":618,"column":57}},"124":{"start":{"line":636,"column":4},"end":{"line":636,"column":56}},"125":{"start":{"line":653,"column":4},"end":{"line":653,"column":70}},"126":{"start":{"line":670,"column":4},"end":{"line":670,"column":71}},"127":{"start":{"line":687,"column":4},"end":{"line":687,"column":70}},"128":{"start":{"line":706,"column":4},"end":{"line":706,"column":62}},"129":{"start":{"line":295,"column":0},"end":{"line":295,"column":13}}},"fnMap":{"0":{"name":"(anonymous_7)","decl":{"start":{"line":26,"column":2},"end":{"line":26,"column":null}},"loc":{"start":{"line":26,"column":2},"end":{"line":31,"column":3}}},"1":{"name":"(anonymous_8)","decl":{"start":{"line":40,"column":2},"end":{"line":40,"column":5}},"loc":{"start":{"line":40,"column":40},"end":{"line":56,"column":3}}},"2":{"name":"(anonymous_9)","decl":{"start":{"line":65,"column":2},"end":{"line":65,"column":5}},"loc":{"start":{"line":65,"column":27},"end":{"line":67,"column":3}}},"3":{"name":"(anonymous_10)","decl":{"start":{"line":79,"column":2},"end":{"line":79,"column":6}},"loc":{"start":{"line":79,"column":28},"end":{"line":88,"column":3}}},"4":{"name":"(anonymous_11)","decl":{"start":{"line":100,"column":2},"end":{"line":100,"column":6}},"loc":{"start":{"line":100,"column":28},"end":{"line":109,"column":3}}},"5":{"name":"(anonymous_12)","decl":{"start":{"line":116,"column":2},"end":{"line":116,"column":12}},"loc":{"start":{"line":116,"column":12},"end":{"line":125,"column":3}}},"6":{"name":"(anonymous_13)","decl":{"start":{"line":127,"column":2},"end":{"line":127,"column":6}},"loc":{"start":{"line":127,"column":14},"end":{"line":129,"column":3}}},"7":{"name":"(anonymous_14)","decl":{"start":{"line":136,"column":2},"end":{"line":136,"column":20}},"loc":{"start":{"line":136,"column":20},"end":{"line":142,"column":3}}},"8":{"name":"(anonymous_15)","decl":{"start":{"line":149,"column":2},"end":{"line":149,"column":13}},"loc":{"start":{"line":149,"column":13},"end":{"line":155,"column":3}}},"9":{"name":"(anonymous_16)","decl":{"start":{"line":176,"column":2},"end":{"line":176,"column":14}},"loc":{"start":{"line":176,"column":49},"end":{"line":181,"column":3}}},"10":{"name":"(anonymous_17)","decl":{"start":{"line":191,"column":2},"end":{"line":191,"column":11}},"loc":{"start":{"line":191,"column":46},"end":{"line":193,"column":3}}},"11":{"name":"(anonymous_18)","decl":{"start":{"line":198,"column":2},"end":{"line":198,"column":6}},"loc":{"start":{"line":198,"column":16},"end":{"line":200,"column":3}}},"12":{"name":"(anonymous_19)","decl":{"start":{"line":205,"column":2},"end":{"line":205,"column":9}},"loc":{"start":{"line":205,"column":9},"end":{"line":214,"column":3}}},"13":{"name":"(anonymous_20)","decl":{"start":{"line":219,"column":2},"end":{"line":219,"column":6}},"loc":{"start":{"line":219,"column":25},"end":{"line":221,"column":3}}},"14":{"name":"(anonymous_21)","decl":{"start":{"line":222,"column":2},"end":{"line":222,"column":6}},"loc":{"start":{"line":222,"column":41},"end":{"line":224,"column":3}}},"15":{"name":"(anonymous_22)","decl":{"start":{"line":229,"column":2},"end":{"line":229,"column":6}},"loc":{"start":{"line":229,"column":12},"end":{"line":231,"column":3}}},"16":{"name":"(anonymous_23)","decl":{"start":{"line":232,"column":2},"end":{"line":232,"column":6}},"loc":{"start":{"line":232,"column":28},"end":{"line":234,"column":3}}},"17":{"name":"(anonymous_24)","decl":{"start":{"line":239,"column":2},"end":{"line":239,"column":6}},"loc":{"start":{"line":239,"column":12},"end":{"line":241,"column":3}}},"18":{"name":"(anonymous_25)","decl":{"start":{"line":242,"column":2},"end":{"line":242,"column":6}},"loc":{"start":{"line":242,"column":28},"end":{"line":244,"column":3}}},"19":{"name":"(anonymous_26)","decl":{"start":{"line":254,"column":8},"end":{"line":254,"column":12}},"loc":{"start":{"line":254,"column":23},"end":{"line":263,"column":null}}},"20":{"name":"(anonymous_28)","decl":{"start":{"line":273,"column":8},"end":{"line":273,"column":12}},"loc":{"start":{"line":273,"column":23},"end":{"line":282,"column":null}}},"21":{"name":"(anonymous_30)","decl":{"start":{"line":302,"column":2},"end":{"line":302,"column":14}},"loc":{"start":{"line":302,"column":41},"end":{"line":306,"column":3}}},"22":{"name":"(anonymous_31)","decl":{"start":{"line":311,"column":2},"end":{"line":311,"column":6}},"loc":{"start":{"line":311,"column":8},"end":{"line":313,"column":3}}},"23":{"name":"(anonymous_32)","decl":{"start":{"line":322,"column":2},"end":{"line":322,"column":6}},"loc":{"start":{"line":322,"column":13},"end":{"line":324,"column":3}}},"24":{"name":"(anonymous_33)","decl":{"start":{"line":329,"column":2},"end":{"line":329,"column":6}},"loc":{"start":{"line":329,"column":16},"end":{"line":331,"column":3}}},"25":{"name":"(anonymous_34)","decl":{"start":{"line":336,"column":2},"end":{"line":336,"column":6}},"loc":{"start":{"line":336,"column":19},"end":{"line":338,"column":3}}},"26":{"name":"(anonymous_35)","decl":{"start":{"line":348,"column":2},"end":{"line":348,"column":6}},"loc":{"start":{"line":348,"column":13},"end":{"line":350,"column":3}}},"27":{"name":"(anonymous_36)","decl":{"start":{"line":355,"column":2},"end":{"line":355,"column":6}},"loc":{"start":{"line":355,"column":13},"end":{"line":357,"column":3}}},"28":{"name":"(anonymous_37)","decl":{"start":{"line":362,"column":2},"end":{"line":362,"column":6}},"loc":{"start":{"line":362,"column":14},"end":{"line":364,"column":3}}},"29":{"name":"(anonymous_38)","decl":{"start":{"line":373,"column":2},"end":{"line":373,"column":16}},"loc":{"start":{"line":373,"column":38},"end":{"line":375,"column":3}}},"30":{"name":"(anonymous_39)","decl":{"start":{"line":382,"column":2},"end":{"line":382,"column":12}},"loc":{"start":{"line":382,"column":12},"end":{"line":384,"column":3}}},"31":{"name":"(anonymous_40)","decl":{"start":{"line":391,"column":2},"end":{"line":391,"column":20}},"loc":{"start":{"line":391,"column":20},"end":{"line":393,"column":3}}},"32":{"name":"(anonymous_41)","decl":{"start":{"line":400,"column":2},"end":{"line":400,"column":13}},"loc":{"start":{"line":400,"column":13},"end":{"line":402,"column":3}}},"33":{"name":"(anonymous_42)","decl":{"start":{"line":418,"column":2},"end":{"line":418,"column":18}},"loc":{"start":{"line":418,"column":18},"end":{"line":420,"column":3}}},"34":{"name":"(anonymous_43)","decl":{"start":{"line":432,"column":2},"end":{"line":432,"column":16}},"loc":{"start":{"line":432,"column":16},"end":{"line":439,"column":3}}},"35":{"name":"(anonymous_44)","decl":{"start":{"line":450,"column":2},"end":{"line":450,"column":5}},"loc":{"start":{"line":450,"column":33},"end":{"line":452,"column":3}}},"36":{"name":"(anonymous_45)","decl":{"start":{"line":459,"column":2},"end":{"line":459,"column":6}},"loc":{"start":{"line":459,"column":6},"end":{"line":461,"column":3}}},"37":{"name":"(anonymous_46)","decl":{"start":{"line":466,"column":2},"end":{"line":466,"column":16}},"loc":{"start":{"line":466,"column":29},"end":{"line":468,"column":3}}},"38":{"name":"(anonymous_47)","decl":{"start":{"line":473,"column":2},"end":{"line":473,"column":9}},"loc":{"start":{"line":473,"column":9},"end":{"line":481,"column":3}}},"39":{"name":"(anonymous_48)","decl":{"start":{"line":497,"column":2},"end":{"line":497,"column":6}},"loc":{"start":{"line":497,"column":29},"end":{"line":509,"column":3}}},"40":{"name":"(anonymous_49)","decl":{"start":{"line":525,"column":2},"end":{"line":525,"column":6}},"loc":{"start":{"line":525,"column":29},"end":{"line":537,"column":3}}},"41":{"name":"(anonymous_50)","decl":{"start":{"line":544,"column":2},"end":{"line":544,"column":10}},"loc":{"start":{"line":544,"column":10},"end":{"line":546,"column":3}}},"42":{"name":"(anonymous_51)","decl":{"start":{"line":555,"column":2},"end":{"line":555,"column":10}},"loc":{"start":{"line":555,"column":60},"end":{"line":557,"column":3}}},"43":{"name":"(anonymous_52)","decl":{"start":{"line":566,"column":2},"end":{"line":566,"column":11}},"loc":{"start":{"line":567,"column":36},"end":{"line":570,"column":3}}},"44":{"name":"(anonymous_53)","decl":{"start":{"line":579,"column":2},"end":{"line":579,"column":10}},"loc":{"start":{"line":580,"column":38},"end":{"line":583,"column":3}}},"45":{"name":"(anonymous_54)","decl":{"start":{"line":596,"column":2},"end":{"line":596,"column":13}},"loc":{"start":{"line":598,"column":27},"end":{"line":601,"column":3}}},"46":{"name":"(anonymous_55)","decl":{"start":{"line":614,"column":2},"end":{"line":614,"column":14}},"loc":{"start":{"line":616,"column":28},"end":{"line":619,"column":3}}},"47":{"name":"(anonymous_56)","decl":{"start":{"line":632,"column":2},"end":{"line":632,"column":13}},"loc":{"start":{"line":634,"column":40},"end":{"line":637,"column":3}}},"48":{"name":"(anonymous_57)","decl":{"start":{"line":648,"column":2},"end":{"line":648,"column":13}},"loc":{"start":{"line":651,"column":17},"end":{"line":654,"column":3}}},"49":{"name":"(anonymous_58)","decl":{"start":{"line":665,"column":2},"end":{"line":665,"column":14}},"loc":{"start":{"line":668,"column":17},"end":{"line":671,"column":3}}},"50":{"name":"(anonymous_59)","decl":{"start":{"line":682,"column":2},"end":{"line":682,"column":13}},"loc":{"start":{"line":685,"column":17},"end":{"line":688,"column":3}}},"51":{"name":"(anonymous_60)","decl":{"start":{"line":705,"column":2},"end":{"line":705,"column":17}},"loc":{"start":{"line":705,"column":46},"end":{"line":707,"column":3}}}},"branchMap":{"0":{"loc":{"start":{"line":41,"column":4},"end":{"line":45,"column":null}},"type":"if","locations":[{"start":{"line":41,"column":4},"end":{"line":45,"column":null}},{"start":{"line":41,"column":4},"end":{"line":45,"column":null}}]},"1":{"loc":{"start":{"line":49,"column":4},"end":{"line":53,"column":null}},"type":"if","locations":[{"start":{"line":49,"column":4},"end":{"line":53,"column":null}},{"start":{"line":49,"column":4},"end":{"line":53,"column":null}}]},"2":{"loc":{"start":{"line":81,"column":4},"end":{"line":85,"column":null}},"type":"if","locations":[{"start":{"line":81,"column":4},"end":{"line":85,"column":null}},{"start":{"line":81,"column":4},"end":{"line":85,"column":null}}]},"3":{"loc":{"start":{"line":102,"column":4},"end":{"line":106,"column":null}},"type":"if","locations":[{"start":{"line":102,"column":4},"end":{"line":106,"column":null}},{"start":{"line":102,"column":4},"end":{"line":106,"column":null}}]},"4":{"loc":{"start":{"line":119,"column":20},"end":{"line":119,"column":38}},"type":"binary-expr","locations":[{"start":{"line":119,"column":20},"end":{"line":119,"column":38}},{"start":{"line":119,"column":42},"end":{"line":119,"column":43}}]},"5":{"loc":{"start":{"line":120,"column":6},"end":{"line":122,"column":null}},"type":"if","locations":[{"start":{"line":120,"column":6},"end":{"line":122,"column":null}},{"start":{"line":120,"column":6},"end":{"line":122,"column":null}}]},"6":{"loc":{"start":{"line":137,"column":4},"end":{"line":139,"column":null}},"type":"if","locations":[{"start":{"line":137,"column":4},"end":{"line":139,"column":null}},{"start":{"line":137,"column":4},"end":{"line":139,"column":null}}]},"7":{"loc":{"start":{"line":150,"column":4},"end":{"line":152,"column":null}},"type":"if","locations":[{"start":{"line":150,"column":4},"end":{"line":152,"column":null}},{"start":{"line":150,"column":4},"end":{"line":152,"column":null}}]},"8":{"loc":{"start":{"line":179,"column":10},"end":{"line":179,"column":26}},"type":"cond-expr","locations":[{"start":{"line":179,"column":10},"end":{"line":179,"column":26}},{"start":{"line":180,"column":10},"end":{"line":180,"column":32}}]},"9":{"loc":{"start":{"line":206,"column":4},"end":{"line":208,"column":null}},"type":"if","locations":[{"start":{"line":206,"column":4},"end":{"line":208,"column":null}},{"start":{"line":206,"column":4},"end":{"line":208,"column":null}}]},"10":{"loc":{"start":{"line":255,"column":4},"end":{"line":262,"column":null}},"type":"if","locations":[{"start":{"line":255,"column":4},"end":{"line":262,"column":null}},{"start":{"line":255,"column":4},"end":{"line":262,"column":null}}]},"11":{"loc":{"start":{"line":257,"column":6},"end":{"line":259,"column":null}},"type":"if","locations":[{"start":{"line":257,"column":6},"end":{"line":259,"column":null}},{"start":{"line":257,"column":6},"end":{"line":259,"column":null}}]},"12":{"loc":{"start":{"line":274,"column":4},"end":{"line":281,"column":null}},"type":"if","locations":[{"start":{"line":274,"column":4},"end":{"line":281,"column":null}},{"start":{"line":274,"column":4},"end":{"line":281,"column":null}}]},"13":{"loc":{"start":{"line":276,"column":6},"end":{"line":278,"column":null}},"type":"if","locations":[{"start":{"line":276,"column":6},"end":{"line":278,"column":null}},{"start":{"line":276,"column":6},"end":{"line":278,"column":null}}]},"14":{"loc":{"start":{"line":435,"column":4},"end":{"line":437,"column":null}},"type":"if","locations":[{"start":{"line":435,"column":4},"end":{"line":437,"column":null}},{"start":{"line":435,"column":4},"end":{"line":437,"column":null}}]},"15":{"loc":{"start":{"line":474,"column":4},"end":{"line":476,"column":null}},"type":"if","locations":[{"start":{"line":474,"column":4},"end":{"line":476,"column":null}},{"start":{"line":474,"column":4},"end":{"line":476,"column":null}}]},"16":{"loc":{"start":{"line":499,"column":4},"end":{"line":507,"column":null}},"type":"if","locations":[{"start":{"line":499,"column":4},"end":{"line":507,"column":null}},{"start":{"line":499,"column":4},"end":{"line":507,"column":null}}]},"17":{"loc":{"start":{"line":501,"column":6},"end":{"line":503,"column":null}},"type":"if","locations":[{"start":{"line":501,"column":6},"end":{"line":503,"column":null}},{"start":{"line":501,"column":6},"end":{"line":503,"column":null}}]},"18":{"loc":{"start":{"line":527,"column":4},"end":{"line":535,"column":null}},"type":"if","locations":[{"start":{"line":527,"column":4},"end":{"line":535,"column":null}},{"start":{"line":527,"column":4},"end":{"line":535,"column":null}}]},"19":{"loc":{"start":{"line":529,"column":6},"end":{"line":531,"column":null}},"type":"if","locations":[{"start":{"line":529,"column":6},"end":{"line":531,"column":null}},{"start":{"line":529,"column":6},"end":{"line":531,"column":null}}]}},"s":{"0":1,"1":1,"2":53,"3":53,"4":53,"5":53,"6":53,"7":85,"8":0,"9":85,"10":85,"11":85,"12":85,"13":85,"14":0,"15":85,"16":85,"17":127,"18":14,"19":14,"20":0,"21":14,"22":14,"23":14,"24":7,"25":7,"26":0,"27":7,"28":7,"29":7,"30":0,"31":0,"32":0,"33":0,"34":0,"35":0,"36":0,"37":99,"38":0,"39":99,"40":99,"41":8,"42":1,"43":7,"44":7,"45":1,"46":53,"47":85,"48":0,"49":0,"50":0,"51":0,"52":0,"53":0,"54":0,"55":0,"56":0,"57":53,"58":28,"59":53,"60":14,"61":53,"62":14,"63":14,"64":14,"65":0,"66":14,"67":14,"68":7,"69":7,"70":7,"71":0,"72":7,"73":7,"74":1,"75":53,"76":53,"77":53,"78":0,"79":0,"80":0,"81":0,"82":0,"83":0,"84":0,"85":0,"86":0,"87":85,"88":0,"89":85,"90":85,"91":85,"92":85,"93":0,"94":85,"95":0,"96":0,"97":0,"98":0,"99":0,"100":0,"101":0,"102":0,"103":0,"104":14,"105":14,"106":14,"107":0,"108":14,"109":0,"110":14,"111":8,"112":8,"113":8,"114":1,"115":7,"116":0,"117":7,"118":0,"119":0,"120":37,"121":0,"122":0,"123":85,"124":0,"125":0,"126":0,"127":0,"128":0,"129":1},"f":{"0":53,"1":85,"2":127,"3":14,"4":7,"5":0,"6":0,"7":99,"8":8,"9":53,"10":85,"11":0,"12":0,"13":0,"14":53,"15":28,"16":53,"17":14,"18":53,"19":14,"20":7,"21":53,"22":0,"23":0,"24":0,"25":0,"26":0,"27":0,"28":0,"29":0,"30":0,"31":85,"32":0,"33":85,"34":85,"35":0,"36":0,"37":0,"38":0,"39":14,"40":8,"41":0,"42":0,"43":37,"44":0,"45":0,"46":85,"47":0,"48":0,"49":0,"50":0,"51":0},"b":{"0":[0,85],"1":[85,0],"2":[0,14],"3":[0,7],"4":[0,0],"5":[0,0],"6":[0,99],"7":[1,7],"8":[53,0],"9":[0,0],"10":[14,0],"11":[0,14],"12":[7,0],"13":[0,7],"14":[0,85],"15":[0,0],"16":[14,0],"17":[0,14],"18":[8,0],"19":[1,7]}}
,"/Users/kalengoo/Desktop/jupyter/jupyterlab-tabular-data-editor/jupyterlab-tabular-data-editor/src/model.ts": {"path":"/Users/kalengoo/Desktop/jupyter/jupyterlab-tabular-data-editor/jupyterlab-tabular-data-editor/src/model.ts","statementMap":{"0":{"start":{"line":1,"column":0},"end":{"line":1,"column":63}},"1":{"start":{"line":2,"column":0},"end":{"line":2,"column":41}},"2":{"start":{"line":3,"column":0},"end":{"line":3,"column":43}},"3":{"start":{"line":4,"column":0},"end":{"line":4,"column":46}},"4":{"start":{"line":5,"column":0},"end":{"line":5,"column":40}},"5":{"start":{"line":6,"column":0},"end":{"line":6,"column":43}},"6":{"start":{"line":11,"column":4},"end":{"line":11,"column":12}},"7":{"start":{"line":684,"column":10},"end":{"line":686,"column":4}},"8":{"start":{"line":687,"column":10},"end":{"line":687,"column":31}},"9":{"start":{"line":688,"column":10},"end":{"line":690,"column":4}},"10":{"start":{"line":12,"column":4},"end":{"line":12,"column":43}},"11":{"start":{"line":13,"column":4},"end":{"line":13,"column":76}},"12":{"start":{"line":16,"column":4},"end":{"line":16,"column":27}},"13":{"start":{"line":19,"column":4},"end":{"line":19,"column":59}},"14":{"start":{"line":23,"column":4},"end":{"line":23,"column":26}},"15":{"start":{"line":27,"column":4},"end":{"line":27,"column":37}},"16":{"start":{"line":31,"column":4},"end":{"line":31,"column":32}},"17":{"start":{"line":35,"column":18},"end":{"line":35,"column":32}},"18":{"start":{"line":36,"column":25},"end":{"line":36,"column":53}},"19":{"start":{"line":37,"column":4},"end":{"line":41,"column":6}},"20":{"start":{"line":45,"column":4},"end":{"line":45,"column":27}},"21":{"start":{"line":49,"column":4},"end":{"line":49,"column":31}},"22":{"start":{"line":50,"column":4},"end":{"line":50,"column":61}},"23":{"start":{"line":50,"column":29},"end":{"line":50,"column":54}},"24":{"start":{"line":57,"column":4},"end":{"line":59,"column":null}},"25":{"start":{"line":58,"column":6},"end":{"line":58,"column":32}},"26":{"start":{"line":63,"column":4},"end":{"line":63,"column":43}},"27":{"start":{"line":67,"column":4},"end":{"line":67,"column":46}},"28":{"start":{"line":75,"column":4},"end":{"line":75,"column":30}},"29":{"start":{"line":79,"column":4},"end":{"line":79,"column":52}},"30":{"start":{"line":92,"column":18},"end":{"line":92,"column":31}},"31":{"start":{"line":93,"column":4},"end":{"line":93,"column":61}},"32":{"start":{"line":94,"column":4},"end":{"line":94,"column":62}},"33":{"start":{"line":95,"column":42},"end":{"line":102,"column":6}},"34":{"start":{"line":103,"column":4},"end":{"line":103,"column":33}},"35":{"start":{"line":104,"column":4},"end":{"line":104,"column":29}},"36":{"start":{"line":105,"column":4},"end":{"line":105,"column":16}},"37":{"start":{"line":109,"column":18},"end":{"line":109,"column":31}},"38":{"start":{"line":110,"column":19},"end":{"line":110,"column":44}},"39":{"start":{"line":111,"column":4},"end":{"line":111,"column":47}},"40":{"start":{"line":112,"column":42},"end":{"line":117,"column":6}},"41":{"start":{"line":118,"column":4},"end":{"line":118,"column":33}},"42":{"start":{"line":119,"column":4},"end":{"line":119,"column":29}},"43":{"start":{"line":123,"column":18},"end":{"line":123,"column":31}},"44":{"start":{"line":125,"column":4},"end":{"line":127,"column":null}},"45":{"start":{"line":126,"column":6},"end":{"line":126,"column":74}},"46":{"start":{"line":128,"column":23},"end":{"line":128,"column":41}},"47":{"start":{"line":129,"column":23},"end":{"line":129,"column":56}},"48":{"start":{"line":131,"column":23},"end":{"line":131,"column":43}},"49":{"start":{"line":133,"column":4},"end":{"line":137,"column":44}},"50":{"start":{"line":139,"column":4},"end":{"line":139,"column":63}},"51":{"start":{"line":141,"column":4},"end":{"line":141,"column":34}},"52":{"start":{"line":143,"column":42},"end":{"line":148,"column":6}},"53":{"start":{"line":149,"column":4},"end":{"line":149,"column":33}},"54":{"start":{"line":150,"column":4},"end":{"line":150,"column":29}},"55":{"start":{"line":154,"column":18},"end":{"line":154,"column":31}},"56":{"start":{"line":155,"column":4},"end":{"line":155,"column":39}},"57":{"start":{"line":157,"column":42},"end":{"line":162,"column":6}},"58":{"start":{"line":164,"column":4},"end":{"line":164,"column":33}},"59":{"start":{"line":165,"column":4},"end":{"line":165,"column":29}},"60":{"start":{"line":169,"column":18},"end":{"line":169,"column":31}},"61":{"start":{"line":171,"column":4},"end":{"line":173,"column":null}},"62":{"start":{"line":172,"column":6},"end":{"line":172,"column":57}},"63":{"start":{"line":177,"column":23},"end":{"line":177,"column":43}},"64":{"start":{"line":178,"column":24},"end":{"line":180,"column":null}},"65":{"start":{"line":183,"column":4},"end":{"line":186,"column":40}},"66":{"start":{"line":189,"column":26},"end":{"line":189,"column":44}},"67":{"start":{"line":190,"column":4},"end":{"line":190,"column":69}},"68":{"start":{"line":192,"column":42},"end":{"line":197,"column":6}},"69":{"start":{"line":199,"column":4},"end":{"line":199,"column":33}},"70":{"start":{"line":200,"column":4},"end":{"line":200,"column":29}},"71":{"start":{"line":205,"column":18},"end":{"line":205,"column":31}},"72":{"start":{"line":206,"column":57},"end":{"line":206,"column":66}},"73":{"start":{"line":207,"column":20},"end":{"line":207,"column":41}},"74":{"start":{"line":208,"column":23},"end":{"line":208,"column":50}},"75":{"start":{"line":211,"column":4},"end":{"line":217,"column":null}},"76":{"start":{"line":211,"column":17},"end":{"line":211,"column":28}},"77":{"start":{"line":212,"column":6},"end":{"line":212,"column":25}},"78":{"start":{"line":213,"column":6},"end":{"line":216,"column":null}},"79":{"start":{"line":213,"column":19},"end":{"line":213,"column":33}},"80":{"start":{"line":214,"column":8},"end":{"line":214,"column":33}},"81":{"start":{"line":215,"column":8},"end":{"line":215,"column":65}},"82":{"start":{"line":218,"column":42},"end":{"line":225,"column":6}},"83":{"start":{"line":226,"column":4},"end":{"line":226,"column":29}},"84":{"start":{"line":230,"column":4},"end":{"line":230,"column":41}},"85":{"start":{"line":231,"column":18},"end":{"line":231,"column":31}},"86":{"start":{"line":233,"column":27},"end":{"line":233,"column":73}},"87":{"start":{"line":233,"column":56},"end":{"line":233,"column":72}},"88":{"start":{"line":236,"column":20},"end":{"line":238,"column":null}},"89":{"start":{"line":240,"column":23},"end":{"line":242,"column":null}},"90":{"start":{"line":246,"column":4},"end":{"line":256,"column":null}},"91":{"start":{"line":246,"column":17},"end":{"line":246,"column":28}},"92":{"start":{"line":247,"column":6},"end":{"line":247,"column":31}},"93":{"start":{"line":248,"column":6},"end":{"line":255,"column":null}},"94":{"start":{"line":248,"column":19},"end":{"line":248,"column":33}},"95":{"start":{"line":249,"column":8},"end":{"line":249,"column":39}},"96":{"start":{"line":250,"column":8},"end":{"line":250,"column":65}},"97":{"start":{"line":251,"column":8},"end":{"line":254,"column":11}},"98":{"start":{"line":258,"column":42},"end":{"line":265,"column":6}},"99":{"start":{"line":266,"column":4},"end":{"line":266,"column":29}},"100":{"start":{"line":273,"column":18},"end":{"line":273,"column":32}},"101":{"start":{"line":276,"column":4},"end":{"line":278,"column":null}},"102":{"start":{"line":277,"column":6},"end":{"line":277,"column":13}},"103":{"start":{"line":281,"column":4},"end":{"line":281,"column":27}},"104":{"start":{"line":282,"column":26},"end":{"line":285,"column":6}},"105":{"start":{"line":288,"column":4},"end":{"line":288,"column":30}},"106":{"start":{"line":290,"column":4},"end":{"line":357,"column":null}},"107":{"start":{"line":292,"column":8},"end":{"line":299,"column":10}},"108":{"start":{"line":300,"column":8},"end":{"line":300,"column":14}},"109":{"start":{"line":302,"column":8},"end":{"line":307,"column":10}},"110":{"start":{"line":308,"column":8},"end":{"line":308,"column":14}},"111":{"start":{"line":311,"column":8},"end":{"line":311,"column":27}},"112":{"start":{"line":313,"column":8},"end":{"line":318,"column":10}},"113":{"start":{"line":319,"column":8},"end":{"line":319,"column":14}},"114":{"start":{"line":321,"column":8},"end":{"line":326,"column":10}},"115":{"start":{"line":327,"column":8},"end":{"line":327,"column":14}},"116":{"start":{"line":330,"column":8},"end":{"line":330,"column":70}},"117":{"start":{"line":332,"column":8},"end":{"line":337,"column":10}},"118":{"start":{"line":338,"column":8},"end":{"line":338,"column":14}},"119":{"start":{"line":340,"column":8},"end":{"line":346,"column":10}},"120":{"start":{"line":347,"column":8},"end":{"line":347,"column":14}},"121":{"start":{"line":349,"column":8},"end":{"line":355,"column":10}},"122":{"start":{"line":356,"column":8},"end":{"line":356,"column":14}},"123":{"start":{"line":358,"column":4},"end":{"line":358,"column":33}},"124":{"start":{"line":365,"column":18},"end":{"line":365,"column":32}},"125":{"start":{"line":367,"column":4},"end":{"line":369,"column":null}},"126":{"start":{"line":368,"column":6},"end":{"line":368,"column":13}},"127":{"start":{"line":372,"column":4},"end":{"line":376,"column":null}},"128":{"start":{"line":373,"column":6},"end":{"line":373,"column":68}},"129":{"start":{"line":374,"column":11},"end":{"line":376,"column":null}},"130":{"start":{"line":375,"column":6},"end":{"line":375,"column":25}},"131":{"start":{"line":378,"column":4},"end":{"line":378,"column":30}},"132":{"start":{"line":379,"column":4},"end":{"line":379,"column":29}},"133":{"start":{"line":383,"column":18},"end":{"line":383,"column":32}},"134":{"start":{"line":386,"column":4},"end":{"line":416,"column":null}},"135":{"start":{"line":390,"column":6},"end":{"line":390,"column":71}},"136":{"start":{"line":393,"column":6},"end":{"line":398,"column":null}},"137":{"start":{"line":395,"column":8},"end":{"line":397,"column":75}},"138":{"start":{"line":400,"column":6},"end":{"line":400,"column":59}},"139":{"start":{"line":402,"column":6},"end":{"line":402,"column":46}},"140":{"start":{"line":405,"column":6},"end":{"line":405,"column":58}},"141":{"start":{"line":408,"column":6},"end":{"line":412,"column":null}},"142":{"start":{"line":410,"column":8},"end":{"line":411,"column":74}},"143":{"start":{"line":415,"column":6},"end":{"line":415,"column":55}},"144":{"start":{"line":419,"column":42},"end":{"line":425,"column":6}},"145":{"start":{"line":426,"column":4},"end":{"line":426,"column":33}},"146":{"start":{"line":427,"column":4},"end":{"line":427,"column":29}},"147":{"start":{"line":431,"column":18},"end":{"line":431,"column":32}},"148":{"start":{"line":435,"column":4},"end":{"line":498,"column":null}},"149":{"start":{"line":438,"column":6},"end":{"line":474,"column":null}},"150":{"start":{"line":440,"column":24},"end":{"line":444,"column":9}},"151":{"start":{"line":441,"column":10},"end":{"line":443,"column":12}},"152":{"start":{"line":445,"column":8},"end":{"line":459,"column":null}},"153":{"start":{"line":445,"column":23},"end":{"line":445,"column":42}},"154":{"start":{"line":446,"column":10},"end":{"line":451,"column":12}},"155":{"start":{"line":453,"column":10},"end":{"line":456,"column":13}},"156":{"start":{"line":458,"column":10},"end":{"line":458,"column":66}},"157":{"start":{"line":462,"column":8},"end":{"line":473,"column":null}},"158":{"start":{"line":462,"column":23},"end":{"line":462,"column":42}},"159":{"start":{"line":463,"column":10},"end":{"line":468,"column":12}},"160":{"start":{"line":470,"column":10},"end":{"line":470,"column":75}},"161":{"start":{"line":472,"column":10},"end":{"line":472,"column":66}},"162":{"start":{"line":477,"column":6},"end":{"line":497,"column":null}},"163":{"start":{"line":479,"column":30},"end":{"line":481,"column":9}},"164":{"start":{"line":480,"column":10},"end":{"line":480,"column":71}},"165":{"start":{"line":482,"column":8},"end":{"line":489,"column":null}},"166":{"start":{"line":482,"column":23},"end":{"line":482,"column":42}},"167":{"start":{"line":483,"column":10},"end":{"line":483,"column":74}},"168":{"start":{"line":485,"column":10},"end":{"line":488,"column":13}},"169":{"start":{"line":492,"column":8},"end":{"line":496,"column":null}},"170":{"start":{"line":492,"column":23},"end":{"line":492,"column":42}},"171":{"start":{"line":493,"column":10},"end":{"line":493,"column":74}},"172":{"start":{"line":495,"column":10},"end":{"line":495,"column":71}},"173":{"start":{"line":501,"column":42},"end":{"line":507,"column":6}},"174":{"start":{"line":508,"column":4},"end":{"line":508,"column":33}},"175":{"start":{"line":509,"column":4},"end":{"line":509,"column":29}},"176":{"start":{"line":517,"column":4},"end":{"line":517,"column":29}},"177":{"start":{"line":518,"column":4},"end":{"line":518,"column":28}},"178":{"start":{"line":519,"column":4},"end":{"line":519,"column":32}},"179":{"start":{"line":522,"column":4},"end":{"line":524,"column":6}},"180":{"start":{"line":535,"column":4},"end":{"line":546,"column":null}},"181":{"start":{"line":536,"column":6},"end":{"line":536,"column":44}},"182":{"start":{"line":537,"column":6},"end":{"line":537,"column":41}},"183":{"start":{"line":539,"column":11},"end":{"line":546,"column":null}},"184":{"start":{"line":540,"column":23},"end":{"line":540,"column":52}},"185":{"start":{"line":541,"column":6},"end":{"line":541,"column":44}},"186":{"start":{"line":542,"column":6},"end":{"line":542,"column":41}},"187":{"start":{"line":544,"column":6},"end":{"line":544,"column":44}},"188":{"start":{"line":545,"column":6},"end":{"line":545,"column":60}},"189":{"start":{"line":547,"column":18},"end":{"line":547,"column":59}},"190":{"start":{"line":548,"column":4},"end":{"line":551,"column":null}},"191":{"start":{"line":549,"column":6},"end":{"line":550,"column":75}},"192":{"start":{"line":552,"column":4},"end":{"line":552,"column":17}},"193":{"start":{"line":559,"column":4},"end":{"line":564,"column":null}},"194":{"start":{"line":560,"column":23},"end":{"line":560,"column":52}},"195":{"start":{"line":561,"column":6},"end":{"line":561,"column":48}},"196":{"start":{"line":563,"column":6},"end":{"line":563,"column":48}},"197":{"start":{"line":566,"column":4},"end":{"line":569,"column":42}},"198":{"start":{"line":573,"column":17},"end":{"line":573,"column":32}},"199":{"start":{"line":574,"column":4},"end":{"line":578,"column":null}},"200":{"start":{"line":575,"column":6},"end":{"line":577,"column":8}},"201":{"start":{"line":579,"column":4},"end":{"line":579,"column":79}},"202":{"start":{"line":587,"column":28},"end":{"line":587,"column":34}},"203":{"start":{"line":588,"column":4},"end":{"line":590,"column":null}},"204":{"start":{"line":589,"column":6},"end":{"line":589,"column":54}},"205":{"start":{"line":591,"column":4},"end":{"line":591,"column":57}},"206":{"start":{"line":595,"column":28},"end":{"line":595,"column":34}},"207":{"start":{"line":596,"column":20},"end":{"line":596,"column":38}},"208":{"start":{"line":597,"column":18},"end":{"line":597,"column":48}},"209":{"start":{"line":598,"column":4},"end":{"line":600,"column":null}},"210":{"start":{"line":599,"column":6},"end":{"line":599,"column":71}},"211":{"start":{"line":601,"column":4},"end":{"line":601,"column":28}},"212":{"start":{"line":605,"column":17},"end":{"line":605,"column":32}},"213":{"start":{"line":606,"column":21},"end":{"line":606,"column":54}},"214":{"start":{"line":607,"column":4},"end":{"line":609,"column":null}},"215":{"start":{"line":608,"column":6},"end":{"line":608,"column":65}},"216":{"start":{"line":610,"column":4},"end":{"line":610,"column":40}},"217":{"start":{"line":614,"column":28},"end":{"line":614,"column":34}},"218":{"start":{"line":615,"column":17},"end":{"line":615,"column":32}},"219":{"start":{"line":616,"column":20},"end":{"line":616,"column":38}},"220":{"start":{"line":617,"column":4},"end":{"line":617,"column":80}},"221":{"start":{"line":622,"column":28},"end":{"line":622,"column":34}},"222":{"start":{"line":623,"column":17},"end":{"line":623,"column":32}},"223":{"start":{"line":624,"column":20},"end":{"line":624,"column":38}},"224":{"start":{"line":625,"column":4},"end":{"line":625,"column":44}},"225":{"start":{"line":629,"column":28},"end":{"line":629,"column":34}},"226":{"start":{"line":630,"column":20},"end":{"line":630,"column":38}},"227":{"start":{"line":631,"column":4},"end":{"line":642,"column":null}},"228":{"start":{"line":634,"column":8},"end":{"line":634,"column":45}},"229":{"start":{"line":637,"column":8},"end":{"line":637,"column":66}},"230":{"start":{"line":640,"column":8},"end":{"line":640,"column":48}},"231":{"start":{"line":646,"column":28},"end":{"line":646,"column":34}},"232":{"start":{"line":647,"column":20},"end":{"line":647,"column":38}},"233":{"start":{"line":648,"column":4},"end":{"line":660,"column":null}},"234":{"start":{"line":651,"column":8},"end":{"line":651,"column":32}},"235":{"start":{"line":655,"column":8},"end":{"line":655,"column":43}},"236":{"start":{"line":658,"column":8},"end":{"line":658,"column":48}},"237":{"start":{"line":667,"column":18},"end":{"line":667,"column":32}},"238":{"start":{"line":668,"column":4},"end":{"line":668,"column":39}},"239":{"start":{"line":669,"column":4},"end":{"line":679,"column":6}},"240":{"start":{"line":680,"column":4},"end":{"line":680,"column":37}},"241":{"start":{"line":9,"column":0},"end":{"line":9,"column":13}},"242":{"start":{"line":707,"column":13},"end":{"line":707,"column":37}},"243":{"start":{"line":708,"column":13},"end":{"line":708,"column":37}},"244":{"start":{"line":709,"column":13},"end":{"line":718,"column":2}}},"fnMap":{"0":{"name":"(anonymous_0)","decl":{"start":{"line":10,"column":2},"end":{"line":10,"column":14}},"loc":{"start":{"line":10,"column":40},"end":{"line":20,"column":3}}},"1":{"name":"(anonymous_1)","decl":{"start":{"line":22,"column":2},"end":{"line":22,"column":6}},"loc":{"start":{"line":22,"column":14},"end":{"line":24,"column":3}}},"2":{"name":"(anonymous_2)","decl":{"start":{"line":26,"column":2},"end":{"line":26,"column":6}},"loc":{"start":{"line":26,"column":25},"end":{"line":28,"column":3}}},"3":{"name":"(anonymous_3)","decl":{"start":{"line":30,"column":2},"end":{"line":30,"column":6}},"loc":{"start":{"line":30,"column":21},"end":{"line":32,"column":3}}},"4":{"name":"(anonymous_4)","decl":{"start":{"line":34,"column":2},"end":{"line":34,"column":6}},"loc":{"start":{"line":34,"column":21},"end":{"line":42,"column":3}}},"5":{"name":"(anonymous_5)","decl":{"start":{"line":44,"column":2},"end":{"line":44,"column":6}},"loc":{"start":{"line":44,"column":15},"end":{"line":46,"column":3}}},"6":{"name":"(anonymous_6)","decl":{"start":{"line":48,"column":10},"end":{"line":48,"column":26}},"loc":{"start":{"line":48,"column":26},"end":{"line":51,"column":3}}},"7":{"name":"(anonymous_7)","decl":{"start":{"line":50,"column":22},"end":{"line":50,"column":25}},"loc":{"start":{"line":50,"column":29},"end":{"line":50,"column":54}}},"8":{"name":"(anonymous_8)","decl":{"start":{"line":53,"column":10},"end":{"line":53,"column":22}},"loc":{"start":{"line":55,"column":34},"end":{"line":60,"column":3}}},"9":{"name":"(anonymous_9)","decl":{"start":{"line":62,"column":2},"end":{"line":62,"column":10}},"loc":{"start":{"line":62,"column":47},"end":{"line":64,"column":3}}},"10":{"name":"(anonymous_10)","decl":{"start":{"line":66,"column":2},"end":{"line":66,"column":13}},"loc":{"start":{"line":66,"column":53},"end":{"line":68,"column":3}}},"11":{"name":"(anonymous_11)","decl":{"start":{"line":70,"column":2},"end":{"line":70,"column":10}},"loc":{"start":{"line":73,"column":18},"end":{"line":76,"column":3}}},"12":{"name":"(anonymous_12)","decl":{"start":{"line":78,"column":2},"end":{"line":78,"column":6}},"loc":{"start":{"line":78,"column":64},"end":{"line":80,"column":3}}},"13":{"name":"(anonymous_13)","decl":{"start":{"line":86,"column":2},"end":{"line":86,"column":9}},"loc":{"start":{"line":90,"column":14},"end":{"line":106,"column":3}}},"14":{"name":"(anonymous_14)","decl":{"start":{"line":108,"column":2},"end":{"line":108,"column":8}},"loc":{"start":{"line":108,"column":20},"end":{"line":120,"column":3}}},"15":{"name":"(anonymous_15)","decl":{"start":{"line":122,"column":2},"end":{"line":122,"column":11}},"loc":{"start":{"line":122,"column":26},"end":{"line":151,"column":3}}},"16":{"name":"(anonymous_16)","decl":{"start":{"line":153,"column":2},"end":{"line":153,"column":11}},"loc":{"start":{"line":153,"column":23},"end":{"line":166,"column":3}}},"17":{"name":"(anonymous_17)","decl":{"start":{"line":168,"column":2},"end":{"line":168,"column":14}},"loc":{"start":{"line":168,"column":29},"end":{"line":201,"column":3}}},"18":{"name":"(anonymous_18)","decl":{"start":{"line":203,"column":2},"end":{"line":203,"column":5}},"loc":{"start":{"line":203,"column":31},"end":{"line":227,"column":3}}},"19":{"name":"(anonymous_19)","decl":{"start":{"line":229,"column":2},"end":{"line":229,"column":7}},"loc":{"start":{"line":229,"column":46},"end":{"line":267,"column":3}}},"20":{"name":"(anonymous_20)","decl":{"start":{"line":233,"column":48},"end":{"line":233,"column":52}},"loc":{"start":{"line":233,"column":56},"end":{"line":233,"column":72}}},"21":{"name":"(anonymous_21)","decl":{"start":{"line":272,"column":2},"end":{"line":272,"column":6}},"loc":{"start":{"line":272,"column":36},"end":{"line":359,"column":3}}},"22":{"name":"(anonymous_22)","decl":{"start":{"line":364,"column":2},"end":{"line":364,"column":6}},"loc":{"start":{"line":364,"column":55},"end":{"line":380,"column":3}}},"23":{"name":"(anonymous_23)","decl":{"start":{"line":382,"column":2},"end":{"line":382,"column":9}},"loc":{"start":{"line":382,"column":42},"end":{"line":428,"column":3}}},"24":{"name":"(anonymous_24)","decl":{"start":{"line":430,"column":2},"end":{"line":430,"column":12}},"loc":{"start":{"line":430,"column":51},"end":{"line":510,"column":3}}},"25":{"name":"(anonymous_25)","decl":{"start":{"line":440,"column":24},"end":{"line":440,"column":25}},"loc":{"start":{"line":440,"column":48},"end":{"line":444,"column":9}}},"26":{"name":"(anonymous_26)","decl":{"start":{"line":479,"column":30},"end":{"line":479,"column":31}},"loc":{"start":{"line":479,"column":56},"end":{"line":481,"column":9}}},"27":{"name":"(anonymous_27)","decl":{"start":{"line":515,"column":2},"end":{"line":515,"column":13}},"loc":{"start":{"line":515,"column":43},"end":{"line":525,"column":3}}},"28":{"name":"(anonymous_28)","decl":{"start":{"line":527,"column":2},"end":{"line":527,"column":10}},"loc":{"start":{"line":531,"column":24},"end":{"line":553,"column":3}}},"29":{"name":"(anonymous_29)","decl":{"start":{"line":555,"column":2},"end":{"line":555,"column":10}},"loc":{"start":{"line":555,"column":61},"end":{"line":570,"column":3}}},"30":{"name":"(anonymous_30)","decl":{"start":{"line":572,"column":2},"end":{"line":572,"column":10}},"loc":{"start":{"line":572,"column":39},"end":{"line":580,"column":3}}},"31":{"name":"(anonymous_31)","decl":{"start":{"line":586,"column":2},"end":{"line":586,"column":12}},"loc":{"start":{"line":586,"column":33},"end":{"line":592,"column":3}}},"32":{"name":"(anonymous_32)","decl":{"start":{"line":594,"column":2},"end":{"line":594,"column":11}},"loc":{"start":{"line":594,"column":32},"end":{"line":602,"column":3}}},"33":{"name":"(anonymous_33)","decl":{"start":{"line":604,"column":2},"end":{"line":604,"column":8}},"loc":{"start":{"line":604,"column":20},"end":{"line":611,"column":3}}},"34":{"name":"(anonymous_34)","decl":{"start":{"line":613,"column":2},"end":{"line":613,"column":17}},"loc":{"start":{"line":613,"column":38},"end":{"line":618,"column":3}}},"35":{"name":"(anonymous_35)","decl":{"start":{"line":621,"column":2},"end":{"line":621,"column":22}},"loc":{"start":{"line":621,"column":43},"end":{"line":626,"column":3}}},"36":{"name":"(anonymous_36)","decl":{"start":{"line":628,"column":2},"end":{"line":628,"column":17}},"loc":{"start":{"line":628,"column":38},"end":{"line":643,"column":3}}},"37":{"name":"(anonymous_37)","decl":{"start":{"line":645,"column":2},"end":{"line":645,"column":13}},"loc":{"start":{"line":645,"column":34},"end":{"line":661,"column":3}}},"38":{"name":"(anonymous_38)","decl":{"start":{"line":666,"column":2},"end":{"line":666,"column":17}},"loc":{"start":{"line":666,"column":48},"end":{"line":681,"column":3}}}},"branchMap":{"0":{"loc":{"start":{"line":57,"column":4},"end":{"line":59,"column":null}},"type":"if","locations":[{"start":{"line":57,"column":4},"end":{"line":59,"column":null}},{"start":{"line":57,"column":4},"end":{"line":59,"column":null}}]},"1":{"loc":{"start":{"line":62,"column":41},"end":{"line":62,"column":47}},"type":"default-arg","locations":[{"start":{"line":62,"column":41},"end":{"line":62,"column":47}}]},"2":{"loc":{"start":{"line":66,"column":47},"end":{"line":66,"column":53}},"type":"default-arg","locations":[{"start":{"line":66,"column":47},"end":{"line":66,"column":53}}]},"3":{"loc":{"start":{"line":276,"column":4},"end":{"line":278,"column":null}},"type":"if","locations":[{"start":{"line":276,"column":4},"end":{"line":278,"column":null}},{"start":{"line":276,"column":4},"end":{"line":278,"column":null}}]},"4":{"loc":{"start":{"line":291,"column":6},"end":{"line":300,"column":14}},"type":"switch","locations":[{"start":{"line":291,"column":6},"end":{"line":300,"column":14}},{"start":{"line":301,"column":6},"end":{"line":308,"column":14}},{"start":{"line":309,"column":6},"end":{"line":319,"column":14}},{"start":{"line":320,"column":6},"end":{"line":327,"column":14}},{"start":{"line":328,"column":6},"end":{"line":338,"column":14}},{"start":{"line":339,"column":6},"end":{"line":347,"column":14}},{"start":{"line":348,"column":6},"end":{"line":356,"column":14}}]},"5":{"loc":{"start":{"line":367,"column":4},"end":{"line":369,"column":null}},"type":"if","locations":[{"start":{"line":367,"column":4},"end":{"line":369,"column":null}},{"start":{"line":367,"column":4},"end":{"line":369,"column":null}}]},"6":{"loc":{"start":{"line":372,"column":4},"end":{"line":376,"column":null}},"type":"if","locations":[{"start":{"line":372,"column":4},"end":{"line":376,"column":null}},{"start":{"line":372,"column":4},"end":{"line":376,"column":null}}]},"7":{"loc":{"start":{"line":374,"column":11},"end":{"line":376,"column":null}},"type":"if","locations":[{"start":{"line":374,"column":11},"end":{"line":376,"column":null}},{"start":{"line":374,"column":11},"end":{"line":376,"column":null}}]},"8":{"loc":{"start":{"line":386,"column":4},"end":{"line":416,"column":null}},"type":"if","locations":[{"start":{"line":386,"column":4},"end":{"line":416,"column":null}},{"start":{"line":386,"column":4},"end":{"line":416,"column":null}}]},"9":{"loc":{"start":{"line":393,"column":6},"end":{"line":398,"column":null}},"type":"if","locations":[{"start":{"line":393,"column":6},"end":{"line":398,"column":null}},{"start":{"line":393,"column":6},"end":{"line":398,"column":null}}]},"10":{"loc":{"start":{"line":408,"column":6},"end":{"line":412,"column":null}},"type":"if","locations":[{"start":{"line":408,"column":6},"end":{"line":412,"column":null}},{"start":{"line":408,"column":6},"end":{"line":412,"column":null}}]},"11":{"loc":{"start":{"line":435,"column":4},"end":{"line":498,"column":null}},"type":"if","locations":[{"start":{"line":435,"column":4},"end":{"line":498,"column":null}},{"start":{"line":435,"column":4},"end":{"line":498,"column":null}}]},"12":{"loc":{"start":{"line":438,"column":6},"end":{"line":474,"column":null}},"type":"if","locations":[{"start":{"line":438,"column":6},"end":{"line":474,"column":null}},{"start":{"line":438,"column":6},"end":{"line":474,"column":null}}]},"13":{"loc":{"start":{"line":477,"column":6},"end":{"line":497,"column":null}},"type":"if","locations":[{"start":{"line":477,"column":6},"end":{"line":497,"column":null}},{"start":{"line":477,"column":6},"end":{"line":497,"column":null}}]},"14":{"loc":{"start":{"line":530,"column":18},"end":{"line":530,"column":23}},"type":"default-arg","locations":[{"start":{"line":530,"column":18},"end":{"line":530,"column":23}}]},"15":{"loc":{"start":{"line":531,"column":19},"end":{"line":531,"column":24}},"type":"default-arg","locations":[{"start":{"line":531,"column":19},"end":{"line":531,"column":24}}]},"16":{"loc":{"start":{"line":535,"column":4},"end":{"line":546,"column":null}},"type":"if","locations":[{"start":{"line":535,"column":4},"end":{"line":546,"column":null}},{"start":{"line":535,"column":4},"end":{"line":546,"column":null}}]},"17":{"loc":{"start":{"line":539,"column":11},"end":{"line":546,"column":null}},"type":"if","locations":[{"start":{"line":539,"column":11},"end":{"line":546,"column":null}},{"start":{"line":539,"column":11},"end":{"line":546,"column":null}}]},"18":{"loc":{"start":{"line":548,"column":4},"end":{"line":551,"column":null}},"type":"if","locations":[{"start":{"line":548,"column":4},"end":{"line":551,"column":null}},{"start":{"line":548,"column":4},"end":{"line":551,"column":null}}]},"19":{"loc":{"start":{"line":559,"column":4},"end":{"line":564,"column":null}},"type":"if","locations":[{"start":{"line":559,"column":4},"end":{"line":564,"column":null}},{"start":{"line":559,"column":4},"end":{"line":564,"column":null}}]},"20":{"loc":{"start":{"line":574,"column":4},"end":{"line":578,"column":null}},"type":"if","locations":[{"start":{"line":574,"column":4},"end":{"line":578,"column":null}},{"start":{"line":574,"column":4},"end":{"line":578,"column":null}}]},"21":{"loc":{"start":{"line":588,"column":4},"end":{"line":590,"column":null}},"type":"if","locations":[{"start":{"line":588,"column":4},"end":{"line":590,"column":null}},{"start":{"line":588,"column":4},"end":{"line":590,"column":null}}]},"22":{"loc":{"start":{"line":598,"column":4},"end":{"line":600,"column":null}},"type":"if","locations":[{"start":{"line":598,"column":4},"end":{"line":600,"column":null}},{"start":{"line":598,"column":4},"end":{"line":600,"column":null}}]},"23":{"loc":{"start":{"line":598,"column":8},"end":{"line":598,"column":19}},"type":"binary-expr","locations":[{"start":{"line":598,"column":8},"end":{"line":598,"column":19}},{"start":{"line":598,"column":23},"end":{"line":598,"column":43}}]},"24":{"loc":{"start":{"line":607,"column":4},"end":{"line":609,"column":null}},"type":"if","locations":[{"start":{"line":607,"column":4},"end":{"line":609,"column":null}},{"start":{"line":607,"column":4},"end":{"line":609,"column":null}}]},"25":{"loc":{"start":{"line":617,"column":11},"end":{"line":617,"column":33}},"type":"binary-expr","locations":[{"start":{"line":617,"column":11},"end":{"line":617,"column":33}},{"start":{"line":617,"column":38},"end":{"line":617,"column":54}},{"start":{"line":617,"column":58},"end":{"line":617,"column":78}}]},"26":{"loc":{"start":{"line":625,"column":11},"end":{"line":625,"column":28}},"type":"binary-expr","locations":[{"start":{"line":625,"column":11},"end":{"line":625,"column":28}},{"start":{"line":625,"column":32},"end":{"line":625,"column":43}}]},"27":{"loc":{"start":{"line":633,"column":6},"end":{"line":635,"column":null}},"type":"switch","locations":[{"start":{"line":633,"column":6},"end":{"line":635,"column":null}},{"start":{"line":636,"column":6},"end":{"line":638,"column":null}},{"start":{"line":639,"column":6},"end":{"line":641,"column":null}}]},"28":{"loc":{"start":{"line":650,"column":6},"end":{"line":652,"column":null}},"type":"switch","locations":[{"start":{"line":650,"column":6},"end":{"line":652,"column":null}},{"start":{"line":654,"column":6},"end":{"line":656,"column":null}},{"start":{"line":657,"column":6},"end":{"line":659,"column":null}}]}},"s":{"0":1,"1":1,"2":1,"3":1,"4":1,"5":1,"6":53,"7":53,"8":53,"9":53,"10":53,"11":53,"12":53,"13":53,"14":451,"15":0,"16":0,"17":73,"18":73,"19":73,"20":31,"21":63,"22":63,"23":0,"24":126,"25":0,"26":185,"27":271,"28":0,"29":5,"30":2,"31":2,"32":2,"33":2,"34":2,"35":2,"36":2,"37":5,"38":5,"39":5,"40":5,"41":5,"42":5,"43":5,"44":5,"45":15,"46":5,"47":5,"48":5,"49":5,"50":5,"51":5,"52":5,"53":5,"54":5,"55":5,"56":5,"57":5,"58":5,"59":5,"60":5,"61":5,"62":15,"63":5,"64":5,"65":5,"66":5,"67":5,"68":5,"69":5,"70":5,"71":3,"72":3,"73":3,"74":3,"75":3,"76":3,"77":5,"78":5,"79":5,"80":7,"81":7,"82":3,"83":3,"84":7,"85":7,"86":7,"87":11,"88":7,"89":7,"90":7,"91":7,"92":9,"93":9,"94":9,"95":11,"96":11,"97":11,"98":7,"99":7,"100":15,"101":15,"102":1,"103":14,"104":14,"105":14,"106":14,"107":2,"108":2,"109":2,"110":2,"111":2,"112":2,"113":2,"114":2,"115":2,"116":2,"117":2,"118":2,"119":2,"120":2,"121":2,"122":2,"123":14,"124":8,"125":8,"126":1,"127":7,"128":1,"129":6,"130":1,"131":7,"132":7,"133":5,"134":5,"135":5,"136":5,"137":2,"138":5,"139":5,"140":0,"141":0,"142":0,"143":0,"144":5,"145":5,"146":5,"147":5,"148":5,"149":5,"150":4,"151":12,"152":4,"153":4,"154":12,"155":12,"156":12,"157":1,"158":1,"159":3,"160":3,"161":3,"162":0,"163":0,"164":0,"165":0,"166":0,"167":0,"168":0,"169":0,"170":0,"171":0,"172":0,"173":5,"174":5,"175":5,"176":63,"177":63,"178":63,"179":63,"180":83,"181":22,"182":22,"183":61,"184":5,"185":5,"186":5,"187":56,"188":56,"189":83,"190":83,"191":63,"192":83,"193":53,"194":18,"195":18,"196":35,"197":53,"198":5,"199":5,"200":1,"201":4,"202":169,"203":169,"204":35,"205":134,"206":52,"207":52,"208":52,"209":52,"210":18,"211":34,"212":34,"213":34,"214":34,"215":19,"216":15,"217":64,"218":64,"219":64,"220":64,"221":53,"222":53,"223":53,"224":53,"225":23,"226":23,"227":23,"228":5,"229":0,"230":18,"231":56,"232":56,"233":56,"234":14,"235":0,"236":42,"237":85,"238":85,"239":85,"240":85,"241":1,"242":1,"243":1,"244":1},"f":{"0":53,"1":451,"2":0,"3":0,"4":73,"5":31,"6":63,"7":0,"8":126,"9":185,"10":271,"11":0,"12":5,"13":2,"14":5,"15":5,"16":5,"17":5,"18":3,"19":7,"20":11,"21":15,"22":8,"23":5,"24":5,"25":12,"26":0,"27":63,"28":83,"29":53,"30":5,"31":169,"32":52,"33":34,"34":64,"35":53,"36":23,"37":56,"38":85},"b":{"0":[0,126],"1":[185],"2":[271],"3":[1,14],"4":[2,2,2,2,2,2,2],"5":[1,7],"6":[1,6],"7":[1,5],"8":[5,0],"9":[2,3],"10":[0,0],"11":[5,0],"12":[4,1],"13":[0,0],"14":[41],"15":[63],"16":[22,61],"17":[5,56],"18":[63,20],"19":[18,35],"20":[1,4],"21":[35,134],"22":[18,34],"23":[52,43],"24":[19,15],"25":[64,60,17],"26":[53,38],"27":[5,0,18],"28":[14,0,42]}}
,"/Users/kalengoo/Desktop/jupyter/jupyterlab-tabular-data-editor/jupyterlab-tabular-data-editor/testutils/jest-file-mock.js": {"path":"/Users/kalengoo/Desktop/jupyter/jupyterlab-tabular-data-editor/jupyterlab-tabular-data-editor/testutils/jest-file-mock.js","statementMap":{"0":{"start":{"line":1,"column":0},"end":{"line":1,"column":34}}},"fnMap":{},"branchMap":{},"s":{"0":1},"f":{},"b":{},"_coverageSchema":"43e27e138ebf9cfc5966b082cf9a028302ed4184","hash":"fa801e1389f18fbe7472ffb177cb9234eb5153dd"}
}
