TN:
SF:/Users/kalengoo/Desktop/jupyter/jupyterlab-tabular-data-editor/jupyterlab-tabular-data-editor/src/_helper.ts
FN:8,numberToCharacter
FNF:1
FNH:1
FNDA:8,numberToCharacter
DA:8,1
DA:13,8
DA:14,8
DA:15,8
DA:16,8
DA:17,8
DA:18,0
DA:19,0
DA:21,8
DA:23,8
LF:10
LH:8
BRDA:10,0,0,8
BRDA:17,1,0,0
BRDA:17,1,1,8
BRF:3
BRH:2
end_of_record
TN:
SF:/Users/kalengoo/Desktop/jupyter/jupyterlab-tabular-data-editor/jupyterlab-tabular-data-editor/src/litestore.ts
FN:26,(anonymous_7)
FN:40,(anonymous_8)
FN:65,(anonymous_9)
FN:79,(anonymous_10)
FN:100,(anonymous_11)
FN:116,(anonymous_12)
FN:127,(anonymous_13)
FN:136,(anonymous_14)
FN:149,(anonymous_15)
FN:176,(anonymous_16)
FN:191,(anonymous_17)
FN:198,(anonymous_18)
FN:205,(anonymous_19)
FN:219,(anonymous_20)
FN:222,(anonymous_21)
FN:229,(anonymous_22)
FN:232,(anonymous_23)
FN:239,(anonymous_24)
FN:242,(anonymous_25)
FN:254,(anonymous_26)
FN:273,(anonymous_28)
FN:302,(anonymous_30)
FN:311,(anonymous_31)
FN:322,(anonymous_32)
FN:329,(anonymous_33)
FN:336,(anonymous_34)
FN:348,(anonymous_35)
FN:355,(anonymous_36)
FN:362,(anonymous_37)
FN:373,(anonymous_38)
FN:382,(anonymous_39)
FN:391,(anonymous_40)
FN:400,(anonymous_41)
FN:418,(anonymous_42)
FN:432,(anonymous_43)
FN:450,(anonymous_44)
FN:459,(anonymous_45)
FN:466,(anonymous_46)
FN:473,(anonymous_47)
FN:497,(anonymous_48)
FN:525,(anonymous_49)
FN:544,(anonymous_50)
FN:555,(anonymous_51)
FN:566,(anonymous_52)
FN:579,(anonymous_53)
FN:596,(anonymous_54)
FN:614,(anonymous_55)
FN:632,(anonymous_56)
FN:648,(anonymous_57)
FN:665,(anonymous_58)
FN:682,(anonymous_59)
FN:705,(anonymous_60)
FNF:52
FNH:24
FNDA:53,(anonymous_7)
FNDA:85,(anonymous_8)
FNDA:127,(anonymous_9)
FNDA:14,(anonymous_10)
FNDA:7,(anonymous_11)
FNDA:0,(anonymous_12)
FNDA:0,(anonymous_13)
FNDA:99,(anonymous_14)
FNDA:8,(anonymous_15)
FNDA:53,(anonymous_16)
FNDA:85,(anonymous_17)
FNDA:0,(anonymous_18)
FNDA:0,(anonymous_19)
FNDA:0,(anonymous_20)
FNDA:53,(anonymous_21)
FNDA:28,(anonymous_22)
FNDA:53,(anonymous_23)
FNDA:14,(anonymous_24)
FNDA:53,(anonymous_25)
FNDA:14,(anonymous_26)
FNDA:7,(anonymous_28)
FNDA:53,(anonymous_30)
FNDA:0,(anonymous_31)
FNDA:0,(anonymous_32)
FNDA:0,(anonymous_33)
FNDA:0,(anonymous_34)
FNDA:0,(anonymous_35)
FNDA:0,(anonymous_36)
FNDA:0,(anonymous_37)
FNDA:0,(anonymous_38)
FNDA:0,(anonymous_39)
FNDA:85,(anonymous_40)
FNDA:0,(anonymous_41)
FNDA:85,(anonymous_42)
FNDA:85,(anonymous_43)
FNDA:0,(anonymous_44)
FNDA:0,(anonymous_45)
FNDA:0,(anonymous_46)
FNDA:0,(anonymous_47)
FNDA:14,(anonymous_48)
FNDA:8,(anonymous_49)
FNDA:0,(anonymous_50)
FNDA:0,(anonymous_51)
FNDA:37,(anonymous_52)
FNDA:0,(anonymous_53)
FNDA:0,(anonymous_54)
FNDA:85,(anonymous_55)
FNDA:0,(anonymous_56)
FNDA:0,(anonymous_57)
FNDA:0,(anonymous_58)
FNDA:0,(anonymous_59)
FNDA:0,(anonymous_60)
DA:1,1
DA:3,1
DA:22,1
DA:27,53
DA:28,53
DA:29,53
DA:30,53
DA:41,85
DA:44,0
DA:46,85
DA:47,85
DA:48,85
DA:49,85
DA:50,85
DA:52,0
DA:54,85
DA:55,85
DA:66,127
DA:80,14
DA:81,14
DA:82,0
DA:84,14
DA:86,14
DA:87,14
DA:101,7
DA:102,7
DA:103,0
DA:105,7
DA:107,7
DA:108,7
DA:117,0
DA:118,0
DA:119,0
DA:120,0
DA:121,0
DA:124,0
DA:128,0
DA:137,99
DA:138,0
DA:140,99
DA:141,99
DA:150,8
DA:151,1
DA:153,7
DA:154,7
DA:159,53
DA:170,1
DA:177,53
DA:192,85
DA:199,0
DA:206,0
DA:207,0
DA:209,0
DA:210,0
DA:211,0
DA:212,0
DA:213,0
DA:220,0
DA:223,53
DA:230,28
DA:233,53
DA:240,14
DA:243,53
DA:255,14
DA:256,14
DA:257,14
DA:258,0
DA:260,14
DA:261,14
DA:274,7
DA:275,7
DA:276,7
DA:277,0
DA:279,7
DA:280,7
DA:295,1
DA:303,53
DA:304,53
DA:305,53
DA:312,0
DA:323,0
DA:330,0
DA:337,0
DA:349,0
DA:356,0
DA:363,0
DA:374,0
DA:383,0
DA:392,85
DA:401,0
DA:419,85
DA:433,85
DA:434,85
DA:435,85
DA:436,0
DA:438,85
DA:451,0
DA:460,0
DA:467,0
DA:474,0
DA:475,0
DA:477,0
DA:478,0
DA:479,0
DA:480,0
DA:499,14
DA:500,14
DA:501,14
DA:502,0
DA:504,14
DA:506,0
DA:508,14
DA:527,8
DA:528,8
DA:529,8
DA:530,1
DA:532,7
DA:534,0
DA:536,7
DA:545,0
DA:556,0
DA:569,37
DA:582,0
DA:600,0
DA:618,85
DA:636,0
DA:653,0
DA:670,0
DA:687,0
DA:706,0
LF:130
LH:75
BRDA:41,0,0,0
BRDA:41,0,1,85
BRDA:49,1,0,85
BRDA:49,1,1,0
BRDA:81,2,0,0
BRDA:81,2,1,14
BRDA:102,3,0,0
BRDA:102,3,1,7
BRDA:119,4,0,0
BRDA:119,4,1,0
BRDA:120,5,0,0
BRDA:120,5,1,0
BRDA:137,6,0,0
BRDA:137,6,1,99
BRDA:150,7,0,1
BRDA:150,7,1,7
BRDA:179,8,0,53
BRDA:179,8,1,0
BRDA:206,9,0,0
BRDA:206,9,1,0
BRDA:255,10,0,14
BRDA:255,10,1,0
BRDA:257,11,0,0
BRDA:257,11,1,14
BRDA:274,12,0,7
BRDA:274,12,1,0
BRDA:276,13,0,0
BRDA:276,13,1,7
BRDA:435,14,0,0
BRDA:435,14,1,85
BRDA:474,15,0,0
BRDA:474,15,1,0
BRDA:499,16,0,14
BRDA:499,16,1,0
BRDA:501,17,0,0
BRDA:501,17,1,14
BRDA:527,18,0,8
BRDA:527,18,1,0
BRDA:529,19,0,1
BRDA:529,19,1,7
BRF:40
BRH:18
end_of_record
TN:
SF:/Users/kalengoo/Desktop/jupyter/jupyterlab-tabular-data-editor/jupyterlab-tabular-data-editor/src/model.ts
FN:10,(anonymous_0)
FN:22,(anonymous_1)
FN:26,(anonymous_2)
FN:30,(anonymous_3)
FN:34,(anonymous_4)
FN:44,(anonymous_5)
FN:48,(anonymous_6)
FN:50,(anonymous_7)
FN:53,(anonymous_8)
FN:62,(anonymous_9)
FN:66,(anonymous_10)
FN:70,(anonymous_11)
FN:78,(anonymous_12)
FN:86,(anonymous_13)
FN:108,(anonymous_14)
FN:122,(anonymous_15)
FN:153,(anonymous_16)
FN:168,(anonymous_17)
FN:203,(anonymous_18)
FN:229,(anonymous_19)
FN:233,(anonymous_20)
FN:272,(anonymous_21)
FN:364,(anonymous_22)
FN:382,(anonymous_23)
FN:430,(anonymous_24)
FN:440,(anonymous_25)
FN:479,(anonymous_26)
FN:515,(anonymous_27)
FN:527,(anonymous_28)
FN:555,(anonymous_29)
FN:572,(anonymous_30)
FN:586,(anonymous_31)
FN:594,(anonymous_32)
FN:604,(anonymous_33)
FN:613,(anonymous_34)
FN:621,(anonymous_35)
FN:628,(anonymous_36)
FN:645,(anonymous_37)
FN:666,(anonymous_38)
FNF:39
FNH:34
FNDA:53,(anonymous_0)
FNDA:451,(anonymous_1)
FNDA:0,(anonymous_2)
FNDA:0,(anonymous_3)
FNDA:73,(anonymous_4)
FNDA:31,(anonymous_5)
FNDA:63,(anonymous_6)
FNDA:0,(anonymous_7)
FNDA:126,(anonymous_8)
FNDA:185,(anonymous_9)
FNDA:271,(anonymous_10)
FNDA:0,(anonymous_11)
FNDA:5,(anonymous_12)
FNDA:2,(anonymous_13)
FNDA:5,(anonymous_14)
FNDA:5,(anonymous_15)
FNDA:5,(anonymous_16)
FNDA:5,(anonymous_17)
FNDA:3,(anonymous_18)
FNDA:7,(anonymous_19)
FNDA:11,(anonymous_20)
FNDA:15,(anonymous_21)
FNDA:8,(anonymous_22)
FNDA:5,(anonymous_23)
FNDA:5,(anonymous_24)
FNDA:12,(anonymous_25)
FNDA:0,(anonymous_26)
FNDA:63,(anonymous_27)
FNDA:83,(anonymous_28)
FNDA:53,(anonymous_29)
FNDA:5,(anonymous_30)
FNDA:169,(anonymous_31)
FNDA:52,(anonymous_32)
FNDA:34,(anonymous_33)
FNDA:64,(anonymous_34)
FNDA:53,(anonymous_35)
FNDA:23,(anonymous_36)
FNDA:56,(anonymous_37)
FNDA:85,(anonymous_38)
DA:1,1
DA:2,1
DA:3,1
DA:4,1
DA:5,1
DA:6,1
DA:9,1
DA:11,53
DA:12,53
DA:13,53
DA:16,53
DA:19,53
DA:23,451
DA:27,0
DA:31,0
DA:35,73
DA:36,73
DA:37,73
DA:45,31
DA:49,63
DA:50,63
DA:57,126
DA:58,0
DA:63,185
DA:67,271
DA:75,0
DA:79,5
DA:92,2
DA:93,2
DA:94,2
DA:95,2
DA:103,2
DA:104,2
DA:105,2
DA:109,5
DA:110,5
DA:111,5
DA:112,5
DA:118,5
DA:119,5
DA:123,5
DA:125,5
DA:126,15
DA:128,5
DA:129,5
DA:131,5
DA:133,5
DA:139,5
DA:141,5
DA:143,5
DA:149,5
DA:150,5
DA:154,5
DA:155,5
DA:157,5
DA:164,5
DA:165,5
DA:169,5
DA:171,5
DA:172,15
DA:177,5
DA:178,5
DA:183,5
DA:189,5
DA:190,5
DA:192,5
DA:199,5
DA:200,5
DA:205,3
DA:206,3
DA:207,3
DA:208,3
DA:211,3
DA:212,5
DA:213,5
DA:214,7
DA:215,7
DA:218,3
DA:226,3
DA:230,7
DA:231,7
DA:233,11
DA:236,7
DA:240,7
DA:246,7
DA:247,9
DA:248,9
DA:249,11
DA:250,11
DA:251,11
DA:258,7
DA:266,7
DA:273,15
DA:276,15
DA:277,1
DA:281,14
DA:282,14
DA:288,14
DA:290,14
DA:292,2
DA:300,2
DA:302,2
DA:308,2
DA:311,2
DA:313,2
DA:319,2
DA:321,2
DA:327,2
DA:330,2
DA:332,2
DA:338,2
DA:340,2
DA:347,2
DA:349,2
DA:356,2
DA:358,14
DA:365,8
DA:367,8
DA:368,1
DA:372,7
DA:373,1
DA:374,6
DA:375,1
DA:378,7
DA:379,7
DA:383,5
DA:386,5
DA:390,5
DA:393,5
DA:395,2
DA:400,5
DA:402,5
DA:405,0
DA:408,0
DA:410,0
DA:415,0
DA:419,5
DA:426,5
DA:427,5
DA:431,5
DA:435,5
DA:438,5
DA:440,4
DA:441,12
DA:445,4
DA:446,12
DA:453,12
DA:458,12
DA:462,1
DA:463,3
DA:470,3
DA:472,3
DA:477,0
DA:479,0
DA:480,0
DA:482,0
DA:483,0
DA:485,0
DA:492,0
DA:493,0
DA:495,0
DA:501,5
DA:508,5
DA:509,5
DA:517,63
DA:518,63
DA:519,63
DA:522,63
DA:535,83
DA:536,22
DA:537,22
DA:539,61
DA:540,5
DA:541,5
DA:542,5
DA:544,56
DA:545,56
DA:547,83
DA:548,83
DA:549,63
DA:552,83
DA:559,53
DA:560,18
DA:561,18
DA:563,35
DA:566,53
DA:573,5
DA:574,5
DA:575,1
DA:579,4
DA:587,169
DA:588,169
DA:589,35
DA:591,134
DA:595,52
DA:596,52
DA:597,52
DA:598,52
DA:599,18
DA:601,34
DA:605,34
DA:606,34
DA:607,34
DA:608,19
DA:610,15
DA:614,64
DA:615,64
DA:616,64
DA:617,64
DA:622,53
DA:623,53
DA:624,53
DA:625,53
DA:629,23
DA:630,23
DA:631,23
DA:634,5
DA:637,0
DA:640,18
DA:646,56
DA:647,56
DA:648,56
DA:651,14
DA:655,0
DA:658,42
DA:667,85
DA:668,85
DA:669,85
DA:680,85
DA:684,53
DA:687,53
DA:688,53
DA:707,1
DA:708,1
DA:709,1
LF:235
LH:216
BRDA:57,0,0,0
BRDA:57,0,1,126
BRDA:62,1,0,185
BRDA:66,2,0,271
BRDA:276,3,0,1
BRDA:276,3,1,14
BRDA:291,4,0,2
BRDA:291,4,1,2
BRDA:291,4,2,2
BRDA:291,4,3,2
BRDA:291,4,4,2
BRDA:291,4,5,2
BRDA:291,4,6,2
BRDA:367,5,0,1
BRDA:367,5,1,7
BRDA:372,6,0,1
BRDA:372,6,1,6
BRDA:374,7,0,1
BRDA:374,7,1,5
BRDA:386,8,0,5
BRDA:386,8,1,0
BRDA:393,9,0,2
BRDA:393,9,1,3
BRDA:408,10,0,0
BRDA:408,10,1,0
BRDA:435,11,0,5
BRDA:435,11,1,0
BRDA:438,12,0,4
BRDA:438,12,1,1
BRDA:477,13,0,0
BRDA:477,13,1,0
BRDA:530,14,0,41
BRDA:531,15,0,63
BRDA:535,16,0,22
BRDA:535,16,1,61
BRDA:539,17,0,5
BRDA:539,17,1,56
BRDA:548,18,0,63
BRDA:548,18,1,20
BRDA:559,19,0,18
BRDA:559,19,1,35
BRDA:574,20,0,1
BRDA:574,20,1,4
BRDA:588,21,0,35
BRDA:588,21,1,134
BRDA:598,22,0,18
BRDA:598,22,1,34
BRDA:598,23,0,52
BRDA:598,23,1,43
BRDA:607,24,0,19
BRDA:607,24,1,15
BRDA:617,25,0,64
BRDA:617,25,1,60
BRDA:617,25,2,17
BRDA:625,26,0,53
BRDA:625,26,1,38
BRDA:633,27,0,5
BRDA:633,27,1,0
BRDA:633,27,2,18
BRDA:650,28,0,14
BRDA:650,28,1,0
BRDA:650,28,2,42
BRF:62
BRH:53
end_of_record
TN:
SF:/Users/kalengoo/Desktop/jupyter/jupyterlab-tabular-data-editor/jupyterlab-tabular-data-editor/testutils/jest-file-mock.js
FNF:0
FNH:0
DA:1,1
LF:1
LH:1
BRF:0
BRH:0
end_of_record
