TN:
SF:/Users/kalengoo/Desktop/jupyter/jupyterlab-tabular-data-editor/jupyterlab-tabular-data-editor/src/_helper.ts
FN:8,numberToCharacter
FNF:1
FNH:1
FNDA:3,numberToCharacter
DA:8,1
DA:10,3
DA:11,3
DA:12,3
DA:13,3
DA:14,3
DA:15,0
DA:16,0
DA:18,3
DA:20,3
LF:10
LH:8
BRDA:14,0,0,0
BRDA:14,0,1,3
BRF:2
BRH:1
end_of_record
TN:
SF:/Users/kalengoo/Desktop/jupyter/jupyterlab-tabular-data-editor/jupyterlab-tabular-data-editor/src/model.ts
FN:7,(anonymous_0)
FN:15,(anonymous_1)
FN:22,(anonymous_2)
FN:26,(anonymous_3)
FN:30,(anonymous_4)
FN:40,(anonymous_5)
FN:44,(anonymous_6)
FN:48,(anonymous_7)
FN:56,(anonymous_8)
FN:64,(anonymous_9)
FN:89,(anonymous_10)
FN:106,(anonymous_11)
FN:139,(anonymous_12)
FN:156,(anonymous_13)
FN:191,(anonymous_14)
FN:216,(anonymous_15)
FN:242,(anonymous_16)
FN:259,(anonymous_17)
FN:264,(anonymous_18)
FN:274,(anonymous_19)
FN:283,(anonymous_20)
FN:291,(anonymous_21)
FN:298,(anonymous_22)
FN:314,(anonymous_23)
FNF:24
FNH:19
FNDA:12,(anonymous_0)
FNDA:24,(anonymous_1)
FNDA:190,(anonymous_2)
FNDA:0,(anonymous_3)
FNDA:12,(anonymous_4)
FNDA:0,(anonymous_5)
FNDA:3,(anonymous_6)
FNDA:0,(anonymous_7)
FNDA:0,(anonymous_8)
FNDA:0,(anonymous_9)
FNDA:3,(anonymous_10)
FNDA:3,(anonymous_11)
FNDA:3,(anonymous_12)
FNDA:3,(anonymous_13)
FNDA:12,(anonymous_14)
FNDA:12,(anonymous_15)
FNDA:3,(anonymous_16)
FNDA:24,(anonymous_17)
FNDA:12,(anonymous_18)
FNDA:9,(anonymous_19)
FNDA:12,(anonymous_20)
FNDA:12,(anonymous_21)
FNDA:8,(anonymous_22)
FNDA:8,(anonymous_23)
DA:1,1
DA:2,1
DA:3,1
DA:4,1
DA:6,1
DA:8,12
DA:9,12
DA:12,12
DA:19,24
DA:23,190
DA:27,0
DA:31,12
DA:32,12
DA:33,12
DA:41,0
DA:45,3
DA:53,0
DA:57,0
DA:70,0
DA:71,0
DA:72,0
DA:73,0
DA:74,0
DA:82,0
DA:83,0
DA:86,0
DA:90,3
DA:91,3
DA:92,3
DA:93,3
DA:99,3
DA:100,3
DA:101,3
DA:107,3
DA:108,3
DA:110,3
DA:111,9
DA:113,3
DA:114,3
DA:116,3
DA:118,3
DA:124,3
DA:126,3
DA:128,3
DA:134,3
DA:135,3
DA:136,3
DA:140,3
DA:141,3
DA:143,3
DA:149,3
DA:150,3
DA:151,3
DA:157,3
DA:159,3
DA:160,9
DA:165,3
DA:166,3
DA:171,3
DA:177,3
DA:178,3
DA:180,3
DA:186,3
DA:187,3
DA:188,3
DA:198,12
DA:199,0
DA:200,0
DA:202,12
DA:203,4
DA:204,4
DA:205,4
DA:207,8
DA:208,8
DA:210,12
DA:211,12
DA:213,12
DA:219,12
DA:220,4
DA:221,4
DA:223,8
DA:227,12
DA:228,1
DA:235,11
DA:243,3
DA:244,3
DA:245,0
DA:250,3
DA:260,24
DA:261,24
DA:265,12
DA:266,12
DA:267,12
DA:268,12
DA:269,3
DA:271,9
DA:275,9
DA:276,9
DA:277,9
DA:278,5
DA:280,4
DA:284,12
DA:285,12
DA:286,12
DA:287,12
DA:292,12
DA:293,12
DA:294,12
DA:295,12
DA:299,8
DA:300,8
DA:301,8
DA:303,2
DA:306,0
DA:309,6
DA:315,8
DA:316,8
DA:317,8
DA:318,8
DA:320,2
DA:323,0
DA:326,6
DA:332,12
LF:123
LH:106
BRDA:194,0,0,12
BRDA:198,1,0,0
BRDA:198,1,1,12
BRDA:202,2,0,4
BRDA:202,2,1,8
BRDA:219,3,0,4
BRDA:219,3,1,8
BRDA:227,4,0,1
BRDA:227,4,1,11
BRDA:244,5,0,0
BRDA:244,5,1,3
BRDA:268,6,0,3
BRDA:268,6,1,9
BRDA:268,7,0,12
BRDA:268,7,1,9
BRDA:277,8,0,5
BRDA:277,8,1,4
BRDA:287,9,0,12
BRDA:287,9,1,9
BRDA:287,9,2,3
BRDA:295,10,0,12
BRDA:295,10,1,9
BRDA:302,11,0,2
BRDA:302,11,1,0
BRDA:302,11,2,6
BRDA:319,12,0,2
BRDA:319,12,1,0
BRDA:319,12,2,6
BRF:28
BRH:24
end_of_record
TN:
SF:/Users/kalengoo/Desktop/jupyter/jupyterlab-tabular-data-editor/jupyterlab-tabular-data-editor/testutils/jest-file-mock.js
FNF:0
FNH:0
DA:1,1
LF:1
LH:1
BRF:0
BRH:0
end_of_record
